{"logTime": "0404/204220", "correlationVector":"tzwBB6X2x6xx9bNqZwON6B.1","action":"SyncServerConnectionManagerRequest", "result":"SYNC_SERVER_OK", "context":{"environment":"Prod_francecentral_prod-s01-062-eur-francecentral", "migrationStage":"NotStarted", "server":"akswtt113000006"}}
{"logTime": "0404/204220", "correlationVector":"tzwBB6X2x6xx9bNqZwON6B.2","action":"ProcessGetUpdates", "result":"Done", "context":{"dataType":"Encryption Keys", "deleted":"0", "process_failed_to_decrypt":"0", "process_pending_decryption":"0", "process_success":"1", "total":"1"}}
{"logTime": "0404/204222", "correlationVector":"pXcDWlzCTiFrzKf1VWI9BC","action":"SyncServerConnectionManagerRequest", "result":"SYNC_SERVER_OK", "context":{"environment":"", "migrationStage":"", "server":""}}
{"logTime": "0404/204222", "correlationVector":"pXcDWlzCTiFrzKf1VWI9BC.0","action":"EncryptionKeysFetcher.DownloadKeys:", "result":"Success", "context":Key count: 6, Last key timestamp: 2025-12-03T14:44:02Z}
{"logTime": "0404/204222", "correlationVector":"pXcDWlzCTiFrzKf1VWI9BC.1","action":"EncryptionKeysManager::SetEncryptionKeys:", "result":"Success", "context":Key names[6]:[Qql9pe+O0zd/wd9ZOGVBVjZCjKpc4x9p0ip46ZnjGRcADyf5q+XtOTz6OrsrfnOHagdUDeUpaM6si9Y8IZFY/Q==][AOxNZZuDp0SjvaR5zsD8awCXKvN6M0KjKlQRzylIlx9eRe3nBOmBXL2Tit54Z61gDvCe6mRNw6wvQAvbhzP6sQ==][dHrzsqstf6UkHi4dTARpDGRQqHjBDltLVy9dcw9dwovYZKG6cUCmLE2ypjdRmocNwHI2KHfaLLW1Brvz5J/g7g==][4iQi76tTyu2vkcFGHtahQnVr+WjH5gFPXxa6/9zBbvXuwQummcXwue3CaMHv1MboaBxMZAnGtdnwMNOF0eJA0w==][C0Q7wT2Y899aHj+VVBgpchOEf+ZTf0dI8MGHHWVmuzZMc8mpyrdzAsqfCBojFN625BRSwEDwJhTEYG4RsywPDQ==][P85qWn/lIk6fvC1mqnW+VUbE5BGq4LcbO4iY4e04igELc9km+GV/B13GmNw4l2FfzIBNPKHidSXnKqTirDmLjw==]}
{"logTime": "0404/204222", "correlationVector":"pXcDWlzCTiFrzKf1VWI9BC.2","action":"EncryptionKeysManager::SetEncryptionKeysWithTimestamps:", "result":"Success", "context":Key timestamps[6]:[2023-05-20T14:09:21Z][2023-11-24T10:20:07Z][2024-06-06T15:01:29Z][2024-12-04T14:10:52Z][2025-06-06T13:08:58Z][2025-12-03T14:44:02Z]}
{"logTime": "0404/204222", "correlationVector":"tzwBB6X2x6xx9bNqZwON6B","action":"Initial GetUpdates", "result":"", "context":Reason: NEW_CLIENT. cV=tzwBB6X2x6xx9bNqZwON6B}
{"logTime": "0404/204222", "correlationVector":"tzwBB6X2x6xx9bNqZwON6B.3","action":"GetUpdates Response", "result":"Success", "context":Received 1 update(s). cV=tzwBB6X2x6xx9bNqZwON6B.0;server=akswtt113000006;cloudType=Consumer;environment=Prod_francecentral_prod-s01-062-eur-francecentral;migrationStage=NotStarted}
{"logTime": "0404/204222", "correlationVector":"bhTwq4cYzgsTtSLkmVZqMT","action":"Initial GetUpdates", "result":"", "context":Reason: NEWLY_SUPPORTED_DATATYPE. cV=bhTwq4cYzgsTtSLkmVZqMT}
{"logTime": "0404/204223", "correlationVector":"bhTwq4cYzgsTtSLkmVZqMT.1","action":"SyncServerConnectionManagerRequest", "result":"SYNC_SERVER_OK", "context":{"environment":"Prod_francecentral_prod-s01-062-eur-francecentral", "migrationStage":"NotStarted", "server":"akswtt11300000y"}}
{"logTime": "0404/204223", "correlationVector":"bhTwq4cYzgsTtSLkmVZqMT.2","action":"ProcessGetUpdates", "result":"Done", "context":{"dataType":"Preferences", "deleted":"0", "process_failed_to_decrypt":"0", "process_pending_decryption":"0", "process_success":"84", "total":"84"}}
{"logTime": "0404/204223", "correlationVector":"bhTwq4cYzgsTtSLkmVZqMT.3","action":"ProcessGetUpdates", "result":"Done", "context":{"dataType":"Passwords", "deleted":"1", "process_failed_to_decrypt":"0", "process_pending_decryption":"0", "process_success":"160", "total":"160"}}
{"logTime": "0404/204223", "correlationVector":"bhTwq4cYzgsTtSLkmVZqMT.4","action":"ProcessGetUpdates", "result":"Done", "context":{"dataType":"Device Info", "deleted":"0", "process_failed_to_decrypt":"0", "process_pending_decryption":"0", "process_success":"6", "total":"6"}}
{"logTime": "0404/204223", "correlationVector":"bhTwq4cYzgsTtSLkmVZqMT.5","action":"GetUpdates Response", "result":"Success", "context":Received 250 update(s). cV=bhTwq4cYzgsTtSLkmVZqMT.0;server=akswtt11300000y;cloudType=Consumer;environment=Prod_francecentral_prod-s01-062-eur-francecentral;migrationStage=NotStarted Some updates remain.}
{"logTime": "0404/204223", "correlationVector":"O+5HBNRkcCtAKDaludc1s6","action":"Initial GetUpdates", "result":"", "context":Reason: NEWLY_SUPPORTED_DATATYPE. cV=O+5HBNRkcCtAKDaludc1s6}
{"logTime": "0404/204223", "correlationVector":"O+5HBNRkcCtAKDaludc1s6.1","action":"SyncServerConnectionManagerRequest", "result":"SYNC_SERVER_OK", "context":{"environment":"Prod_francecentral_prod-s01-062-eur-francecentral", "migrationStage":"NotStarted", "server":"akswtt113000006"}}
{"logTime": "0404/204223", "correlationVector":"O+5HBNRkcCtAKDaludc1s6.2","action":"ProcessGetUpdates", "result":"Done", "context":{"dataType":"Preferences", "deleted":"0", "process_failed_to_decrypt":"0", "process_pending_decryption":"0", "process_success":"17", "total":"17"}}
{"logTime": "0404/204223", "correlationVector":"O+5HBNRkcCtAKDaludc1s6.3","action":"ProcessGetUpdates", "result":"Done", "context":{"dataType":"Passwords", "deleted":"0", "process_failed_to_decrypt":"0", "process_pending_decryption":"0", "process_success":"79", "total":"79"}}
{"logTime": "0404/204223", "correlationVector":"O+5HBNRkcCtAKDaludc1s6.4","action":"ProcessGetUpdates", "result":"Done", "context":{"dataType":"Device Info", "deleted":"0", "process_failed_to_decrypt":"0", "process_pending_decryption":"0", "process_success":"3", "total":"3"}}
{"logTime": "0404/204223", "correlationVector":"O+5HBNRkcCtAKDaludc1s6.5","action":"GetUpdates Response", "result":"Success", "context":Received 99 update(s). cV=O+5HBNRkcCtAKDaludc1s6.0;server=akswtt113000006;cloudType=Consumer;environment=Prod_francecentral_prod-s01-062-eur-francecentral;migrationStage=NotStarted}
{"logTime": "0404/204224", "correlationVector":"ly4czjjHa0FoooTRGI1P8o","action":"Initial GetUpdates", "result":"", "context":Reason: NEWLY_SUPPORTED_DATATYPE. cV=ly4czjjHa0FoooTRGI1P8o}
{"logTime": "0404/204224", "correlationVector":"ly4czjjHa0FoooTRGI1P8o.1","action":"SyncServerConnectionManagerRequest", "result":"SYNC_SERVER_OK", "context":{"environment":"Prod_francecentral_prod-s01-062-eur-francecentral", "migrationStage":"NotStarted", "server":"akswtt113000000"}}
{"logTime": "0404/204224", "correlationVector":"ly4czjjHa0FoooTRGI1P8o.2","action":"ProcessGetUpdates", "result":"Done", "context":{"dataType":"Bookmarks", "deleted":"0", "process_failed_to_decrypt":"0", "process_pending_decryption":"0", "process_success":"16", "total":"16"}}
{"logTime": "0404/204224", "correlationVector":"ly4czjjHa0FoooTRGI1P8o.3","action":"GetUpdates Response", "result":"Success", "context":Received 16 update(s). cV=ly4czjjHa0FoooTRGI1P8o.0;server=akswtt113000000;cloudType=Consumer;environment=Prod_francecentral_prod-s01-062-eur-francecentral;migrationStage=NotStarted}
{"logTime": "0404/204224", "correlationVector":"VAemZYWH3do8HBRzuKTfJK","action":"Initial GetUpdates", "result":"", "context":Reason: NEWLY_SUPPORTED_DATATYPE. cV=VAemZYWH3do8HBRzuKTfJK}
{"logTime": "0404/204225", "correlationVector":"VAemZYWH3do8HBRzuKTfJK.1","action":"SyncServerConnectionManagerRequest", "result":"SYNC_SERVER_OK", "context":{"environment":"Prod_francecentral_prod-s01-062-eur-francecentral", "migrationStage":"NotStarted", "server":"akswtt113000015"}}
{"logTime": "0404/204225", "correlationVector":"VAemZYWH3do8HBRzuKTfJK.2","action":"ProcessGetUpdates", "result":"Done", "context":{"dataType":"Autofill Profiles", "deleted":"0", "process_failed_to_decrypt":"0", "process_pending_decryption":"0", "process_success":"31", "total":"31"}}
{"logTime": "0404/204225", "correlationVector":"VAemZYWH3do8HBRzuKTfJK.3","action":"ProcessGetUpdates", "result":"Done", "context":{"dataType":"Autofill", "deleted":"0", "process_failed_to_decrypt":"0", "process_pending_decryption":"0", "process_success":"179", "total":"179"}}
{"logTime": "0404/204225", "correlationVector":"VAemZYWH3do8HBRzuKTfJK.4","action":"ProcessGetUpdates", "result":"Done", "context":{"dataType":"Extensions", "deleted":"0", "process_failed_to_decrypt":"0", "process_pending_decryption":"0", "process_success":"7", "total":"7"}}
{"logTime": "0404/204225", "correlationVector":"VAemZYWH3do8HBRzuKTfJK.5","action":"ProcessGetUpdates", "result":"Done", "context":{"dataType":"Extension settings", "deleted":"0", "process_failed_to_decrypt":"0", "process_pending_decryption":"0", "process_success":"6", "total":"6"}}
{"logTime": "0404/204225", "correlationVector":"VAemZYWH3do8HBRzuKTfJK.6","action":"ProcessGetUpdates", "result":"Done", "context":{"dataType":"Saved Tab Group", "deleted":"27", "process_failed_to_decrypt":"0", "process_pending_decryption":"0", "process_success":"27", "total":"27"}}
{"logTime": "0404/204225", "correlationVector":"VAemZYWH3do8HBRzuKTfJK.7","action":"GetUpdates Response", "result":"Success", "context":Received 250 update(s). cV=VAemZYWH3do8HBRzuKTfJK.0;server=akswtt113000015;cloudType=Consumer;environment=Prod_francecentral_prod-s01-062-eur-francecentral;migrationStage=NotStarted Some updates remain.}
{"logTime": "0404/204225", "correlationVector":"Pb/wXzEBndZC+Y36Ma9pPW","action":"Initial GetUpdates", "result":"", "context":Reason: NEWLY_SUPPORTED_DATATYPE. cV=Pb/wXzEBndZC+Y36Ma9pPW}
{"logTime": "0404/204226", "correlationVector":"Pb/wXzEBndZC+Y36Ma9pPW.1","action":"SyncServerConnectionManagerRequest", "result":"SYNC_SERVER_OK", "context":{"environment":"Prod_francecentral_prod-s01-062-eur-francecentral", "migrationStage":"NotStarted", "server":"akswtt113000000"}}
{"logTime": "0404/204226", "correlationVector":"Pb/wXzEBndZC+Y36Ma9pPW.2","action":"ProcessGetUpdates", "result":"Done", "context":{"dataType":"Autofill", "deleted":"0", "process_failed_to_decrypt":"0", "process_pending_decryption":"0", "process_success":"250", "total":"250"}}
{"logTime": "0404/204226", "correlationVector":"Pb/wXzEBndZC+Y36Ma9pPW.3","action":"GetUpdates Response", "result":"Success", "context":Received 250 update(s). cV=Pb/wXzEBndZC+Y36Ma9pPW.0;server=akswtt113000000;cloudType=Consumer;environment=Prod_francecentral_prod-s01-062-eur-francecentral;migrationStage=NotStarted Some updates remain.}
{"logTime": "0404/204226", "correlationVector":"oQnYCbTrFalwg0wPuuyEDp","action":"Initial GetUpdates", "result":"", "context":Reason: NEWLY_SUPPORTED_DATATYPE. cV=oQnYCbTrFalwg0wPuuyEDp}
{"logTime": "0404/204227", "correlationVector":"oQnYCbTrFalwg0wPuuyEDp.1","action":"SyncServerConnectionManagerRequest", "result":"SYNC_SERVER_OK", "context":{"environment":"Prod_francecentral_prod-s01-062-eur-francecentral", "migrationStage":"NotStarted", "server":"akswtt11300000w"}}
{"logTime": "0404/204227", "correlationVector":"oQnYCbTrFalwg0wPuuyEDp.2","action":"ProcessGetUpdates", "result":"Done", "context":{"dataType":"Autofill", "deleted":"0", "process_failed_to_decrypt":"0", "process_pending_decryption":"0", "process_success":"250", "total":"250"}}
{"logTime": "0404/204227", "correlationVector":"oQnYCbTrFalwg0wPuuyEDp.3","action":"GetUpdates Response", "result":"Success", "context":Received 250 update(s). cV=oQnYCbTrFalwg0wPuuyEDp.0;server=akswtt11300000w;cloudType=Consumer;environment=Prod_francecentral_prod-s01-062-eur-francecentral;migrationStage=NotStarted Some updates remain.}
{"logTime": "0404/204227", "correlationVector":"9C1KBnO1e7luAvXZz5nxZ4","action":"Initial GetUpdates", "result":"", "context":Reason: NEWLY_SUPPORTED_DATATYPE. cV=9C1KBnO1e7luAvXZz5nxZ4}
{"logTime": "0404/204228", "correlationVector":"9C1KBnO1e7luAvXZz5nxZ4.1","action":"SyncServerConnectionManagerRequest", "result":"SYNC_SERVER_OK", "context":{"environment":"Prod_francecentral_prod-s01-062-eur-francecentral", "migrationStage":"NotStarted", "server":"akswtt11300000h"}}
{"logTime": "0404/204228", "correlationVector":"9C1KBnO1e7luAvXZz5nxZ4.2","action":"ProcessGetUpdates", "result":"Done", "context":{"dataType":"Autofill", "deleted":"0", "process_failed_to_decrypt":"0", "process_pending_decryption":"0", "process_success":"250", "total":"250"}}
{"logTime": "0404/204228", "correlationVector":"9C1KBnO1e7luAvXZz5nxZ4.3","action":"GetUpdates Response", "result":"Success", "context":Received 250 update(s). cV=9C1KBnO1e7luAvXZz5nxZ4.0;server=akswtt11300000h;cloudType=Consumer;environment=Prod_francecentral_prod-s01-062-eur-francecentral;migrationStage=NotStarted Some updates remain.}
{"logTime": "0404/204228", "correlationVector":"AgyQGp9ZebKnTdWBRL6MiL","action":"Initial GetUpdates", "result":"", "context":Reason: NEWLY_SUPPORTED_DATATYPE. cV=AgyQGp9ZebKnTdWBRL6MiL}
{"logTime": "0404/204229", "correlationVector":"AgyQGp9ZebKnTdWBRL6MiL.1","action":"SyncServerConnectionManagerRequest", "result":"SYNC_SERVER_OK", "context":{"environment":"Prod_francecentral_prod-s01-062-eur-francecentral", "migrationStage":"NotStarted", "server":"akswtt11300000y"}}
{"logTime": "0404/204229", "correlationVector":"AgyQGp9ZebKnTdWBRL6MiL.2","action":"ProcessGetUpdates", "result":"Done", "context":{"dataType":"Autofill", "deleted":"0", "process_failed_to_decrypt":"0", "process_pending_decryption":"0", "process_success":"231", "total":"231"}}
{"logTime": "0404/204229", "correlationVector":"AgyQGp9ZebKnTdWBRL6MiL.3","action":"ProcessGetUpdates", "result":"Done", "context":{"dataType":"Sessions", "deleted":"7", "process_failed_to_decrypt":"0", "process_pending_decryption":"0", "process_success":"7", "total":"7"}}
{"logTime": "0404/204229", "correlationVector":"AgyQGp9ZebKnTdWBRL6MiL.4","action":"ProcessGetUpdates", "result":"Done", "context":{"dataType":"Saved Tab Group", "deleted":"12", "process_failed_to_decrypt":"0", "process_pending_decryption":"0", "process_success":"12", "total":"12"}}
{"logTime": "0404/204229", "correlationVector":"AgyQGp9ZebKnTdWBRL6MiL.5","action":"GetUpdates Response", "result":"Success", "context":Received 250 update(s). cV=AgyQGp9ZebKnTdWBRL6MiL.0;server=akswtt11300000y;cloudType=Consumer;environment=Prod_francecentral_prod-s01-062-eur-francecentral;migrationStage=NotStarted Some updates remain.}
{"logTime": "0404/204229", "correlationVector":"hIaDWLXoY0+vn+khdZ6507","action":"Initial GetUpdates", "result":"", "context":Reason: NEWLY_SUPPORTED_DATATYPE. cV=hIaDWLXoY0+vn+khdZ6507}
{"logTime": "0404/204230", "correlationVector":"hIaDWLXoY0+vn+khdZ6507.1","action":"SyncServerConnectionManagerRequest", "result":"SYNC_SERVER_OK", "context":{"environment":"Prod_francecentral_prod-s01-062-eur-francecentral", "migrationStage":"NotStarted", "server":"akswtt11300000h"}}
{"logTime": "0404/204230", "correlationVector":"hIaDWLXoY0+vn+khdZ6507.2","action":"ProcessGetUpdates", "result":"Done", "context":{"dataType":"Autofill Profiles", "deleted":"3", "process_failed_to_decrypt":"0", "process_pending_decryption":"0", "process_success":"3", "total":"3"}}
{"logTime": "0404/204230", "correlationVector":"hIaDWLXoY0+vn+khdZ6507.3","action":"ProcessGetUpdates", "result":"Done", "context":{"dataType":"Autofill", "deleted":"0", "process_failed_to_decrypt":"0", "process_pending_decryption":"0", "process_success":"50", "total":"50"}}
{"logTime": "0404/204230", "correlationVector":"hIaDWLXoY0+vn+khdZ6507.4","action":"ProcessGetUpdates", "result":"Done", "context":{"dataType":"Sessions", "deleted":"194", "process_failed_to_decrypt":"0", "process_pending_decryption":"0", "process_success":"194", "total":"194"}}
{"logTime": "0404/204230", "correlationVector":"hIaDWLXoY0+vn+khdZ6507.5","action":"ProcessGetUpdates", "result":"Done", "context":{"dataType":"Edge Hub App Usage", "deleted":"0", "process_failed_to_decrypt":"0", "process_pending_decryption":"0", "process_success":"3", "total":"3"}}
{"logTime": "0404/204230", "correlationVector":"hIaDWLXoY0+vn+khdZ6507.6","action":"GetUpdates Response", "result":"Success", "context":Received 250 update(s). cV=hIaDWLXoY0+vn+khdZ6507.0;server=akswtt11300000h;cloudType=Consumer;environment=Prod_francecentral_prod-s01-062-eur-francecentral;migrationStage=NotStarted Some updates remain.}
{"logTime": "0404/204230", "correlationVector":"0R5rs3Z2Hu6YLRE13H5q/h","action":"Initial GetUpdates", "result":"", "context":Reason: NEWLY_SUPPORTED_DATATYPE. cV=0R5rs3Z2Hu6YLRE13H5q/h}
{"logTime": "0404/204300", "correlationVector":"GVhvf05/QVBbWSONS/8pGw","action":"Initial GetUpdates", "result":"", "context":Reason: NEWLY_SUPPORTED_DATATYPE. cV=GVhvf05/QVBbWSONS/8pGw}
{"logTime": "0404/204301", "correlationVector":"GVhvf05/QVBbWSONS/8pGw.1","action":"SyncServerConnectionManagerRequest", "result":"SYNC_SERVER_OK", "context":{"environment":"Prod_francecentral_prod-s01-062-eur-francecentral", "migrationStage":"NotStarted", "server":"akswtt11300000m"}}
{"logTime": "0404/204301", "correlationVector":"GVhvf05/QVBbWSONS/8pGw.2","action":"ProcessGetUpdates", "result":"Done", "context":{"dataType":"Autofill Profiles", "deleted":"0", "process_failed_to_decrypt":"0", "process_pending_decryption":"0", "process_success":"31", "total":"31"}}
{"logTime": "0404/204301", "correlationVector":"GVhvf05/QVBbWSONS/8pGw.3","action":"ProcessGetUpdates", "result":"Done", "context":{"dataType":"Autofill", "deleted":"0", "process_failed_to_decrypt":"0", "process_pending_decryption":"0", "process_success":"179", "total":"179"}}
{"logTime": "0404/204301", "correlationVector":"GVhvf05/QVBbWSONS/8pGw.4","action":"ProcessGetUpdates", "result":"Done", "context":{"dataType":"Extensions", "deleted":"0", "process_failed_to_decrypt":"0", "process_pending_decryption":"0", "process_success":"7", "total":"7"}}
{"logTime": "0404/204301", "correlationVector":"GVhvf05/QVBbWSONS/8pGw.5","action":"ProcessGetUpdates", "result":"Done", "context":{"dataType":"Extension settings", "deleted":"0", "process_failed_to_decrypt":"0", "process_pending_decryption":"0", "process_success":"6", "total":"6"}}
{"logTime": "0404/204301", "correlationVector":"GVhvf05/QVBbWSONS/8pGw.6","action":"ProcessGetUpdates", "result":"Done", "context":{"dataType":"Saved Tab Group", "deleted":"27", "process_failed_to_decrypt":"0", "process_pending_decryption":"0", "process_success":"27", "total":"27"}}
{"logTime": "0404/204301", "correlationVector":"GVhvf05/QVBbWSONS/8pGw.7","action":"GetUpdates Response", "result":"Success", "context":Received 250 update(s). cV=GVhvf05/QVBbWSONS/8pGw.0;server=akswtt11300000m;cloudType=Consumer;environment=Prod_francecentral_prod-s01-062-eur-francecentral;migrationStage=NotStarted Some updates remain.}
{"logTime": "0404/204301", "correlationVector":"ic74gM3Ws+BnvoVpveS9fG","action":"Initial GetUpdates", "result":"", "context":Reason: NEWLY_SUPPORTED_DATATYPE. cV=ic74gM3Ws+BnvoVpveS9fG}
{"logTime": "0404/204302", "correlationVector":"ic74gM3Ws+BnvoVpveS9fG.1","action":"SyncServerConnectionManagerRequest", "result":"SYNC_SERVER_OK", "context":{"environment":"Prod_francecentral_prod-s01-062-eur-francecentral", "migrationStage":"NotStarted", "server":"akswtt11300000m"}}
{"logTime": "0404/204302", "correlationVector":"ic74gM3Ws+BnvoVpveS9fG.2","action":"ProcessGetUpdates", "result":"Done", "context":{"dataType":"Autofill", "deleted":"0", "process_failed_to_decrypt":"0", "process_pending_decryption":"0", "process_success":"250", "total":"250"}}
{"logTime": "0404/204302", "correlationVector":"ic74gM3Ws+BnvoVpveS9fG.3","action":"GetUpdates Response", "result":"Success", "context":Received 250 update(s). cV=ic74gM3Ws+BnvoVpveS9fG.0;server=akswtt11300000m;cloudType=Consumer;environment=Prod_francecentral_prod-s01-062-eur-francecentral;migrationStage=NotStarted Some updates remain.}
{"logTime": "0404/204302", "correlationVector":"6+LOM8+aEVVN0C3Vcc3PYQ","action":"Initial GetUpdates", "result":"", "context":Reason: NEWLY_SUPPORTED_DATATYPE. cV=6+LOM8+aEVVN0C3Vcc3PYQ}
{"logTime": "0404/204303", "correlationVector":"6+LOM8+aEVVN0C3Vcc3PYQ.1","action":"SyncServerConnectionManagerRequest", "result":"SYNC_SERVER_OK", "context":{"environment":"Prod_francecentral_prod-s01-062-eur-francecentral", "migrationStage":"NotStarted", "server":"akswtt11300000t"}}
{"logTime": "0404/204303", "correlationVector":"6+LOM8+aEVVN0C3Vcc3PYQ.2","action":"ProcessGetUpdates", "result":"Done", "context":{"dataType":"Autofill", "deleted":"0", "process_failed_to_decrypt":"0", "process_pending_decryption":"0", "process_success":"250", "total":"250"}}
{"logTime": "0404/204303", "correlationVector":"6+LOM8+aEVVN0C3Vcc3PYQ.3","action":"GetUpdates Response", "result":"Success", "context":Received 250 update(s). cV=6+LOM8+aEVVN0C3Vcc3PYQ.0;server=akswtt11300000t;cloudType=Consumer;environment=Prod_francecentral_prod-s01-062-eur-francecentral;migrationStage=NotStarted Some updates remain.}
{"logTime": "0404/204303", "correlationVector":"matKQOabCRAywEggefrKne","action":"Initial GetUpdates", "result":"", "context":Reason: NEWLY_SUPPORTED_DATATYPE. cV=matKQOabCRAywEggefrKne}
{"logTime": "0404/204304", "correlationVector":"matKQOabCRAywEggefrKne.1","action":"SyncServerConnectionManagerRequest", "result":"SYNC_SERVER_OK", "context":{"environment":"Prod_francecentral_prod-s01-062-eur-francecentral", "migrationStage":"NotStarted", "server":"akswtt113000015"}}
{"logTime": "0404/204304", "correlationVector":"matKQOabCRAywEggefrKne.2","action":"ProcessGetUpdates", "result":"Done", "context":{"dataType":"Autofill", "deleted":"0", "process_failed_to_decrypt":"0", "process_pending_decryption":"0", "process_success":"250", "total":"250"}}
{"logTime": "0404/204304", "correlationVector":"matKQOabCRAywEggefrKne.3","action":"GetUpdates Response", "result":"Success", "context":Received 250 update(s). cV=matKQOabCRAywEggefrKne.0;server=akswtt113000015;cloudType=Consumer;environment=Prod_francecentral_prod-s01-062-eur-francecentral;migrationStage=NotStarted Some updates remain.}
{"logTime": "0404/204304", "correlationVector":"k36CPxR9kQkTuf511MiADO","action":"Initial GetUpdates", "result":"", "context":Reason: NEWLY_SUPPORTED_DATATYPE. cV=k36CPxR9kQkTuf511MiADO}
{"logTime": "0404/204304", "correlationVector":"k36CPxR9kQkTuf511MiADO.1","action":"SyncServerConnectionManagerRequest", "result":"SYNC_SERVER_OK", "context":{"environment":"Prod_francecentral_prod-s01-062-eur-francecentral", "migrationStage":"NotStarted", "server":"akswtt11300000m"}}
{"logTime": "0404/204304", "correlationVector":"k36CPxR9kQkTuf511MiADO.2","action":"ProcessGetUpdates", "result":"Done", "context":{"dataType":"Autofill", "deleted":"0", "process_failed_to_decrypt":"0", "process_pending_decryption":"0", "process_success":"231", "total":"231"}}
{"logTime": "0404/204304", "correlationVector":"k36CPxR9kQkTuf511MiADO.3","action":"ProcessGetUpdates", "result":"Done", "context":{"dataType":"Sessions", "deleted":"7", "process_failed_to_decrypt":"0", "process_pending_decryption":"0", "process_success":"7", "total":"7"}}
{"logTime": "0404/204304", "correlationVector":"k36CPxR9kQkTuf511MiADO.4","action":"ProcessGetUpdates", "result":"Done", "context":{"dataType":"Saved Tab Group", "deleted":"12", "process_failed_to_decrypt":"0", "process_pending_decryption":"0", "process_success":"12", "total":"12"}}
{"logTime": "0404/204304", "correlationVector":"k36CPxR9kQkTuf511MiADO.5","action":"GetUpdates Response", "result":"Success", "context":Received 250 update(s). cV=k36CPxR9kQkTuf511MiADO.0;server=akswtt11300000m;cloudType=Consumer;environment=Prod_francecentral_prod-s01-062-eur-francecentral;migrationStage=NotStarted Some updates remain.}
{"logTime": "0404/204304", "correlationVector":"nlNCjydizMAADfL+SlFtSx","action":"Initial GetUpdates", "result":"", "context":Reason: NEWLY_SUPPORTED_DATATYPE. cV=nlNCjydizMAADfL+SlFtSx}
{"logTime": "0404/204305", "correlationVector":"nlNCjydizMAADfL+SlFtSx.1","action":"SyncServerConnectionManagerRequest", "result":"SYNC_SERVER_OK", "context":{"environment":"Prod_francecentral_prod-s01-062-eur-francecentral", "migrationStage":"NotStarted", "server":"akswtt113000015"}}
{"logTime": "0404/204305", "correlationVector":"nlNCjydizMAADfL+SlFtSx.2","action":"ProcessGetUpdates", "result":"Done", "context":{"dataType":"Autofill Profiles", "deleted":"3", "process_failed_to_decrypt":"0", "process_pending_decryption":"0", "process_success":"3", "total":"3"}}
{"logTime": "0404/204305", "correlationVector":"nlNCjydizMAADfL+SlFtSx.3","action":"ProcessGetUpdates", "result":"Done", "context":{"dataType":"Autofill", "deleted":"0", "process_failed_to_decrypt":"0", "process_pending_decryption":"0", "process_success":"50", "total":"50"}}
{"logTime": "0404/204305", "correlationVector":"nlNCjydizMAADfL+SlFtSx.4","action":"ProcessGetUpdates", "result":"Done", "context":{"dataType":"Sessions", "deleted":"194", "process_failed_to_decrypt":"0", "process_pending_decryption":"0", "process_success":"194", "total":"194"}}
{"logTime": "0404/204305", "correlationVector":"nlNCjydizMAADfL+SlFtSx.5","action":"ProcessGetUpdates", "result":"Done", "context":{"dataType":"Edge Hub App Usage", "deleted":"0", "process_failed_to_decrypt":"0", "process_pending_decryption":"0", "process_success":"3", "total":"3"}}
{"logTime": "0404/204305", "correlationVector":"nlNCjydizMAADfL+SlFtSx.6","action":"GetUpdates Response", "result":"Success", "context":Received 250 update(s). cV=nlNCjydizMAADfL+SlFtSx.0;server=akswtt113000015;cloudType=Consumer;environment=Prod_francecentral_prod-s01-062-eur-francecentral;migrationStage=NotStarted Some updates remain.}
{"logTime": "0404/204305", "correlationVector":"C3dtuhhQjUSNyswuROf746","action":"Initial GetUpdates", "result":"", "context":Reason: NEWLY_SUPPORTED_DATATYPE. cV=C3dtuhhQjUSNyswuROf746}
{"logTime": "0404/204305", "correlationVector":"C3dtuhhQjUSNyswuROf746.1","action":"SyncServerConnectionManagerRequest", "result":"SYNC_SERVER_OK", "context":{"environment":"Prod_francecentral_prod-s01-062-eur-francecentral", "migrationStage":"NotStarted", "server":"akswtt113000006"}}
{"logTime": "0404/204305", "correlationVector":"C3dtuhhQjUSNyswuROf746.2","action":"ProcessGetUpdates", "result":"Done", "context":{"dataType":"Autofill Profiles", "deleted":"0", "process_failed_to_decrypt":"0", "process_pending_decryption":"0", "process_success":"3", "total":"3"}}
{"logTime": "0404/204305", "correlationVector":"C3dtuhhQjUSNyswuROf746.3","action":"ProcessGetUpdates", "result":"Done", "context":{"dataType":"Autofill", "deleted":"0", "process_failed_to_decrypt":"0", "process_pending_decryption":"0", "process_success":"35", "total":"35"}}
{"logTime": "0404/204305", "correlationVector":"C3dtuhhQjUSNyswuROf746.4","action":"ProcessGetUpdates", "result":"Done", "context":{"dataType":"Extensions", "deleted":"0", "process_failed_to_decrypt":"0", "process_pending_decryption":"0", "process_success":"2", "total":"2"}}
{"logTime": "0404/204305", "correlationVector":"C3dtuhhQjUSNyswuROf746.5","action":"ProcessGetUpdates", "result":"Done", "context":{"dataType":"Sessions", "deleted":"204", "process_failed_to_decrypt":"0", "process_pending_decryption":"0", "process_success":"204", "total":"204"}}
{"logTime": "0404/204305", "correlationVector":"C3dtuhhQjUSNyswuROf746.6","action":"ProcessGetUpdates", "result":"Done", "context":{"dataType":"Edge Hub App Usage", "deleted":"0", "process_failed_to_decrypt":"0", "process_pending_decryption":"0", "process_success":"6", "total":"6"}}
{"logTime": "0404/204305", "correlationVector":"C3dtuhhQjUSNyswuROf746.7","action":"GetUpdates Response", "result":"Success", "context":Received 250 update(s). cV=C3dtuhhQjUSNyswuROf746.0;server=akswtt113000006;cloudType=Consumer;environment=Prod_francecentral_prod-s01-062-eur-francecentral;migrationStage=NotStarted Some updates remain.}
{"logTime": "0404/204305", "correlationVector":"/gz1a9oNGdOSeH+y4v5G1x","action":"Initial GetUpdates", "result":"", "context":Reason: NEWLY_SUPPORTED_DATATYPE. cV=/gz1a9oNGdOSeH+y4v5G1x}
{"logTime": "0404/204307", "correlationVector":"/gz1a9oNGdOSeH+y4v5G1x.1","action":"SyncServerConnectionManagerRequest", "result":"SYNC_SERVER_OK", "context":{"environment":"Prod_francecentral_prod-s01-062-eur-francecentral", "migrationStage":"NotStarted", "server":"akswtt11300000t"}}
{"logTime": "0404/204307", "correlationVector":"/gz1a9oNGdOSeH+y4v5G1x.2","action":"ProcessGetUpdates", "result":"Done", "context":{"dataType":"Autofill Profiles", "deleted":"0", "process_failed_to_decrypt":"0", "process_pending_decryption":"0", "process_success":"1", "total":"1"}}
{"logTime": "0404/204307", "correlationVector":"/gz1a9oNGdOSeH+y4v5G1x.3","action":"ProcessGetUpdates", "result":"Done", "context":{"dataType":"Autofill", "deleted":"0", "process_failed_to_decrypt":"0", "process_pending_decryption":"0", "process_success":"60", "total":"60"}}
{"logTime": "0404/204307", "correlationVector":"/gz1a9oNGdOSeH+y4v5G1x.4","action":"ProcessGetUpdates", "result":"Done", "context":{"dataType":"Sessions", "deleted":"179", "process_failed_to_decrypt":"0", "process_pending_decryption":"0", "process_success":"179", "total":"179"}}
{"logTime": "0404/204307", "correlationVector":"/gz1a9oNGdOSeH+y4v5G1x.5","action":"ProcessGetUpdates", "result":"Done", "context":{"dataType":"Saved Tab Group", "deleted":"3", "process_failed_to_decrypt":"0", "process_pending_decryption":"0", "process_success":"3", "total":"3"}}
{"logTime": "0404/204307", "correlationVector":"/gz1a9oNGdOSeH+y4v5G1x.6","action":"ProcessGetUpdates", "result":"Done", "context":{"dataType":"Edge Hub App Usage", "deleted":"0", "process_failed_to_decrypt":"0", "process_pending_decryption":"0", "process_success":"7", "total":"7"}}
{"logTime": "0404/204307", "correlationVector":"/gz1a9oNGdOSeH+y4v5G1x.7","action":"GetUpdates Response", "result":"Success", "context":Received 250 update(s). cV=/gz1a9oNGdOSeH+y4v5G1x.0;server=akswtt11300000t;cloudType=Consumer;environment=Prod_francecentral_prod-s01-062-eur-francecentral;migrationStage=NotStarted Some updates remain.}
{"logTime": "0404/204307", "correlationVector":"VSdSZjAX6CwWi+eUAFfcA4","action":"Initial GetUpdates", "result":"", "context":Reason: NEWLY_SUPPORTED_DATATYPE. cV=VSdSZjAX6CwWi+eUAFfcA4}
{"logTime": "0404/204308", "correlationVector":"VSdSZjAX6CwWi+eUAFfcA4.1","action":"SyncServerConnectionManagerRequest", "result":"SYNC_SERVER_OK", "context":{"environment":"Prod_francecentral_prod-s01-062-eur-francecentral", "migrationStage":"NotStarted", "server":"akswtt113000004"}}
{"logTime": "0404/204308", "correlationVector":"VSdSZjAX6CwWi+eUAFfcA4.2","action":"ProcessGetUpdates", "result":"Done", "context":{"dataType":"Autofill", "deleted":"0", "process_failed_to_decrypt":"0", "process_pending_decryption":"0", "process_success":"133", "total":"133"}}
{"logTime": "0404/204308", "correlationVector":"VSdSZjAX6CwWi+eUAFfcA4.3","action":"ProcessGetUpdates", "result":"Done", "context":{"dataType":"Sessions", "deleted":"117", "process_failed_to_decrypt":"0", "process_pending_decryption":"0", "process_success":"117", "total":"117"}}
{"logTime": "0404/204308", "correlationVector":"VSdSZjAX6CwWi+eUAFfcA4.4","action":"GetUpdates Response", "result":"Success", "context":Received 250 update(s). cV=VSdSZjAX6CwWi+eUAFfcA4.0;server=akswtt113000004;cloudType=Consumer;environment=Prod_francecentral_prod-s01-062-eur-francecentral;migrationStage=NotStarted Some updates remain.}
{"logTime": "0404/204308", "correlationVector":"+pVXaomb+vz3BxguMIG9Du","action":"Initial GetUpdates", "result":"", "context":Reason: NEWLY_SUPPORTED_DATATYPE. cV=+pVXaomb+vz3BxguMIG9Du}
{"logTime": "0404/204309", "correlationVector":"+pVXaomb+vz3BxguMIG9Du.1","action":"SyncServerConnectionManagerRequest", "result":"SYNC_SERVER_OK", "context":{"environment":"Prod_francecentral_prod-s01-062-eur-francecentral", "migrationStage":"NotStarted", "server":"akswtt11300000d"}}
{"logTime": "0404/204309", "correlationVector":"+pVXaomb+vz3BxguMIG9Du.2","action":"ProcessGetUpdates", "result":"Done", "context":{"dataType":"Autofill", "deleted":"0", "process_failed_to_decrypt":"0", "process_pending_decryption":"0", "process_success":"83", "total":"83"}}
{"logTime": "0404/204309", "correlationVector":"+pVXaomb+vz3BxguMIG9Du.3","action":"ProcessGetUpdates", "result":"Done", "context":{"dataType":"Sessions", "deleted":"164", "process_failed_to_decrypt":"0", "process_pending_decryption":"0", "process_success":"164", "total":"164"}}
{"logTime": "0404/204309", "correlationVector":"+pVXaomb+vz3BxguMIG9Du.4","action":"ProcessGetUpdates", "result":"Done", "context":{"dataType":"Edge Hub App Usage", "deleted":"0", "process_failed_to_decrypt":"0", "process_pending_decryption":"0", "process_success":"3", "total":"3"}}
{"logTime": "0404/204309", "correlationVector":"+pVXaomb+vz3BxguMIG9Du.5","action":"GetUpdates Response", "result":"Success", "context":Received 250 update(s). cV=+pVXaomb+vz3BxguMIG9Du.0;server=akswtt11300000d;cloudType=Consumer;environment=Prod_francecentral_prod-s01-062-eur-francecentral;migrationStage=NotStarted Some updates remain.}
{"logTime": "0404/204309", "correlationVector":"EhJmgyzPnyS0QFU1KObKaD","action":"Initial GetUpdates", "result":"", "context":Reason: NEWLY_SUPPORTED_DATATYPE. cV=EhJmgyzPnyS0QFU1KObKaD}
{"logTime": "0404/204310", "correlationVector":"EhJmgyzPnyS0QFU1KObKaD.1","action":"SyncServerConnectionManagerRequest", "result":"SYNC_SERVER_OK", "context":{"environment":"Prod_francecentral_prod-s01-062-eur-francecentral", "migrationStage":"NotStarted", "server":"akswtt11300000o"}}
{"logTime": "0404/204310", "correlationVector":"EhJmgyzPnyS0QFU1KObKaD.2","action":"ProcessGetUpdates", "result":"Done", "context":{"dataType":"Autofill", "deleted":"0", "process_failed_to_decrypt":"0", "process_pending_decryption":"0", "process_success":"81", "total":"81"}}
{"logTime": "0404/204310", "correlationVector":"EhJmgyzPnyS0QFU1KObKaD.3","action":"ProcessGetUpdates", "result":"Done", "context":{"dataType":"Sessions", "deleted":"161", "process_failed_to_decrypt":"0", "process_pending_decryption":"0", "process_success":"161", "total":"161"}}
{"logTime": "0404/204310", "correlationVector":"EhJmgyzPnyS0QFU1KObKaD.4","action":"ProcessGetUpdates", "result":"Done", "context":{"dataType":"Saved Tab Group", "deleted":"6", "process_failed_to_decrypt":"0", "process_pending_decryption":"0", "process_success":"6", "total":"6"}}
{"logTime": "0404/204310", "correlationVector":"EhJmgyzPnyS0QFU1KObKaD.5","action":"ProcessGetUpdates", "result":"Done", "context":{"dataType":"Edge Hub App Usage", "deleted":"2", "process_failed_to_decrypt":"0", "process_pending_decryption":"0", "process_success":"2", "total":"2"}}
{"logTime": "0404/204310", "correlationVector":"EhJmgyzPnyS0QFU1KObKaD.6","action":"GetUpdates Response", "result":"Success", "context":Received 250 update(s). cV=EhJmgyzPnyS0QFU1KObKaD.0;server=akswtt11300000o;cloudType=Consumer;environment=Prod_francecentral_prod-s01-062-eur-francecentral;migrationStage=NotStarted Some updates remain.}
{"logTime": "0404/204310", "correlationVector":"3XJSFa9FZ6cHkPXp+xEUwE","action":"Initial GetUpdates", "result":"", "context":Reason: NEWLY_SUPPORTED_DATATYPE. cV=3XJSFa9FZ6cHkPXp+xEUwE}
{"logTime": "0404/204312", "correlationVector":"3XJSFa9FZ6cHkPXp+xEUwE.1","action":"SyncServerConnectionManagerRequest", "result":"SYNC_SERVER_OK", "context":{"environment":"Prod_francecentral_prod-s01-062-eur-francecentral", "migrationStage":"NotStarted", "server":"akswtt11300000r"}}
{"logTime": "0404/204312", "correlationVector":"3XJSFa9FZ6cHkPXp+xEUwE.2","action":"ProcessGetUpdates", "result":"Done", "context":{"dataType":"Autofill Profiles", "deleted":"0", "process_failed_to_decrypt":"0", "process_pending_decryption":"0", "process_success":"2", "total":"2"}}
{"logTime": "0404/204312", "correlationVector":"3XJSFa9FZ6cHkPXp+xEUwE.3","action":"ProcessGetUpdates", "result":"Done", "context":{"dataType":"Autofill", "deleted":"0", "process_failed_to_decrypt":"0", "process_pending_decryption":"0", "process_success":"48", "total":"48"}}
{"logTime": "0404/204312", "correlationVector":"3XJSFa9FZ6cHkPXp+xEUwE.4","action":"ProcessGetUpdates", "result":"Done", "context":{"dataType":"Extensions", "deleted":"0", "process_failed_to_decrypt":"0", "process_pending_decryption":"0", "process_success":"2", "total":"2"}}
{"logTime": "0404/204312", "correlationVector":"3XJSFa9FZ6cHkPXp+xEUwE.5","action":"ProcessGetUpdates", "result":"Done", "context":{"dataType":"Sessions", "deleted":"195", "process_failed_to_decrypt":"0", "process_pending_decryption":"0", "process_success":"195", "total":"195"}}
{"logTime": "0404/204312", "correlationVector":"3XJSFa9FZ6cHkPXp+xEUwE.6","action":"ProcessGetUpdates", "result":"Done", "context":{"dataType":"History Delete Directives", "deleted":"0", "process_failed_to_decrypt":"0", "process_pending_decryption":"0", "process_success":"1", "total":"1"}}
{"logTime": "0404/204312", "correlationVector":"3XJSFa9FZ6cHkPXp+xEUwE.7","action":"ProcessGetUpdates", "result":"Done", "context":{"dataType":"Edge Hub App Usage", "deleted":"2", "process_failed_to_decrypt":"0", "process_pending_decryption":"0", "process_success":"2", "total":"2"}}
{"logTime": "0404/204312", "correlationVector":"3XJSFa9FZ6cHkPXp+xEUwE.8","action":"GetUpdates Response", "result":"Success", "context":Received 250 update(s). cV=3XJSFa9FZ6cHkPXp+xEUwE.0;server=akswtt11300000r;cloudType=Consumer;environment=Prod_francecentral_prod-s01-062-eur-francecentral;migrationStage=NotStarted Some updates remain.}
{"logTime": "0404/204312", "correlationVector":"gij0sqEXV3WmXWKTZehWep","action":"Initial GetUpdates", "result":"", "context":Reason: NEWLY_SUPPORTED_DATATYPE. cV=gij0sqEXV3WmXWKTZehWep}
