2026-04-04 20:42:18.704: [INFO][Sync] Reset engine, reason: 8
2026-04-04 20:42:18.704: [INFO][Sync] Stopped: Bookmarks
2026-04-04 20:42:18.704: [INFO][Sync] Stopped: Preferences
2026-04-04 20:42:18.704: [INFO][Sync] Stopped: Passwords
2026-04-04 20:42:18.704: [INFO][Sync] Stopped: Autofill Profiles
2026-04-04 20:42:18.704: [INFO][Sync] Stopped: Autofill
2026-04-04 20:42:18.704: [INFO][Sync] Stopped: Extensions
2026-04-04 20:42:18.704: [INFO][Sync] Stopped: Sessions
2026-04-04 20:42:18.704: [INFO][Sync] Stopped: Extension settings
2026-04-04 20:42:18.704: [INFO][Sync] Stopped: History Delete Directives
2026-04-04 20:42:18.704: [INFO][Sync] Stopped: Device Info
2026-04-04 20:42:18.704: [INFO][Sync] Stopped: User Consents
2026-04-04 20:42:18.704: [INFO][Sync] Stopped: Send Tab To Self
2026-04-04 20:42:18.704: [INFO][Sync] Stopped: Web Apps
2026-04-04 20:42:18.704: [INFO][Sync] Stopped: History
2026-04-04 20:42:18.704: [INFO][Sync] Stopped: Saved Tab Group
2026-04-04 20:42:18.704: [INFO][Sync] Stopped: WebAuthn Credentials
2026-04-04 20:42:18.704: [INFO][Sync] Stopped: Collection
2026-04-04 20:42:18.704: [INFO][Sync] Stopped: Edge E Drop
2026-04-04 20:42:18.704: [INFO][Sync] Stopped: Edge Hub App Usage
2026-04-04 20:42:18.704: [INFO][Sync] Stopped: Edge Wallet
2026-04-04 20:42:18.704: [INFO][Sync] Stopped: Edge Workspace
2026-04-04 20:42:18.704: [INFO][Sync] SyncState after authenticated was: NotSignedIn
2026-04-04 20:42:18.828: [INFO][Sync] Reset engine, reason: 8
2026-04-04 20:42:18.828: [INFO][Sync] Stopped: Bookmarks
2026-04-04 20:42:18.828: [INFO][Sync] Stopped: Preferences
2026-04-04 20:42:18.828: [INFO][Sync] Stopped: Passwords
2026-04-04 20:42:18.828: [INFO][Sync] Stopped: Autofill Profiles
2026-04-04 20:42:18.828: [INFO][Sync] Stopped: Autofill
2026-04-04 20:42:18.828: [INFO][Sync] Stopped: Extensions
2026-04-04 20:42:18.828: [INFO][Sync] Stopped: Sessions
2026-04-04 20:42:18.828: [INFO][Sync] Stopped: Extension settings
2026-04-04 20:42:18.828: [INFO][Sync] Stopped: History Delete Directives
2026-04-04 20:42:18.828: [INFO][Sync] Stopped: Device Info
2026-04-04 20:42:18.828: [INFO][Sync] Stopped: User Consents
2026-04-04 20:42:18.828: [INFO][Sync] Stopped: Send Tab To Self
2026-04-04 20:42:18.828: [INFO][Sync] Stopped: Web Apps
2026-04-04 20:42:18.828: [INFO][Sync] Stopped: History
2026-04-04 20:42:18.828: [INFO][Sync] Stopped: Saved Tab Group
2026-04-04 20:42:18.828: [INFO][Sync] Stopped: WebAuthn Credentials
2026-04-04 20:42:18.828: [INFO][Sync] Stopped: Collection
2026-04-04 20:42:18.828: [INFO][Sync] Stopped: Edge E Drop
2026-04-04 20:42:18.828: [INFO][Sync] Stopped: Edge Hub App Usage
2026-04-04 20:42:18.828: [INFO][Sync] Stopped: Edge Wallet
2026-04-04 20:42:18.828: [INFO][Sync] Stopped: Edge Workspace
2026-04-04 20:42:19.682: [INFO][Sync] Try to start sync engine
2026-04-04 20:42:19.683: [INFO][SyncManagerImpl::NudgeForInitialDownload] Initial download nudge for Encryption Keys
2026-04-04 20:42:19.683: [INFO][SyncEngineBackend::LoadAndConnectNigoriController] Load and connect Nigori controller
2026-04-04 20:42:19.683: [INFO][SyncEngineBackend::DoInitialize] Control Types added: Encryption Keys
2026-04-04 20:42:19.683: [INFO][SyncManagerImpl::ConfigureSyncer] Types to download: Encryption Keys with reason: 3
2026-04-04 20:42:19.683: [INFO][SyncSchedulerImpl::DoConfigurationSyncCycleJob] Configure job was blocked
2026-04-04 20:42:19.711: [INFO][SyncAuthManager::SetLastAuthError] Current auth error: None
2026-04-04 20:42:19.711: [INFO][SyncAuthManager::EdgeLogTokenErrorState] Token error with: None for account type: MSA
2026-04-04 20:42:19.711: [INFO][Sync] Credentials changed for: EdgeSyncScopeNew
2026-04-04 20:42:20.451: [INFO][SyncAuthManager::SetLastAuthError] Current auth error: None
2026-04-04 20:42:20.451: [INFO][SyncAuthManager::EdgeLogTokenErrorState] Token error with: None for account type: MSA
2026-04-04 20:42:20.451: [INFO][Sync] Credentials changed for: EdgeSyncKeyDataScope
2026-04-04 20:42:20.451: [INFO][SyncEngineBackend::DoUpdateKeyDataCredentials] Update key data credentials
2026-04-04 20:42:20.451: [INFO][SyncEngineBackend::DoUpdateCredentials] Update credentials
2026-04-04 20:42:20.451: [INFO][SyncSchedulerImpl::DoConfigurationSyncCycleJob] Blocked types:  and types to download: Encryption Keys
2026-04-04 20:42:20.974: [INFO][Sync] Started DataTypeManager configuration, reason: 4
2026-04-04 20:42:20.974: [INFO][Sync] Configuring for: Bookmarks, Preferences, Passwords, Autofill Profiles, Autofill, Extensions, Sessions, Extension settings, History Delete Directives, Device Info, User Consents, Send Tab To Self, Web Apps, History, Saved Tab Group, WebAuthn Credentials, Collection, Edge E Drop, Edge Hub App Usage, Edge Wallet, Edge Workspace, Encryption Keys, reason: 3, current state: 0
2026-04-04 20:42:20.974: [WARN][Sync] Crypto error data types: Passwords, Autofill Profiles, Autofill
2026-04-04 20:42:20.975: [INFO][Sync] Configure, desired: Bookmarks, Preferences, Extensions, Sessions, Extension settings, History Delete Directives, Device Info, User Consents, Send Tab To Self, Web Apps, History, Saved Tab Group, WebAuthn Credentials, Collection, Edge E Drop, Edge Hub App Usage, Edge Wallet, Edge Workspace, Encryption Keys; Allow fail: Passwords, Autofill Profiles, Autofill
2026-04-04 20:42:20.975: [INFO][Sync] Loading: Bookmarks
2026-04-04 20:42:20.975: [INFO][Sync] Loading: Preferences
2026-04-04 20:42:20.975: [INFO][Sync] Loading: Extensions
2026-04-04 20:42:20.975: [INFO][Sync] Loading: Sessions
2026-04-04 20:42:20.975: [INFO][Sync] Loading: Extension settings
2026-04-04 20:42:20.975: [INFO][Sync] Loading: History Delete Directives
2026-04-04 20:42:20.975: [INFO][Sync] Loading: Device Info
2026-04-04 20:42:20.975: [INFO][Sync] Loading: User Consents
2026-04-04 20:42:20.975: [INFO][Sync] Loading: Send Tab To Self
2026-04-04 20:42:20.975: [INFO][Sync] Loading: Web Apps
2026-04-04 20:42:20.975: [INFO][Sync] Loading: History
2026-04-04 20:42:20.975: [INFO][Sync] Loading: Saved Tab Group
2026-04-04 20:42:20.975: [INFO][Sync] Loading: WebAuthn Credentials
2026-04-04 20:42:20.975: [INFO][Sync] Loading: Collection
2026-04-04 20:42:20.975: [INFO][Sync] Loading: Edge E Drop
2026-04-04 20:42:20.975: [INFO][Sync] Loading: Edge Hub App Usage
2026-04-04 20:42:20.975: [INFO][Sync] Loading: Edge Wallet
2026-04-04 20:42:20.975: [INFO][Sync] Loading: Edge Workspace
2026-04-04 20:42:20.983: [INFO][Sync] All data types are ready for configure.
2026-04-04 20:42:22.111: [INFO][SyncEngineBackend::DoStartConfiguration] Start configuration
2026-04-04 20:42:22.111: [INFO][SyncManagerImpl::NudgeForInitialDownload] Initial download nudge for Bookmarks
2026-04-04 20:42:22.111: [INFO][SyncManagerImpl::NudgeForInitialDownload] Initial download nudge for Preferences
2026-04-04 20:42:22.111: [INFO][SyncManagerImpl::NudgeForInitialDownload] Initial download nudge for Extensions
2026-04-04 20:42:22.111: [INFO][SyncManagerImpl::NudgeForInitialDownload] Initial download nudge for Sessions
2026-04-04 20:42:22.111: [INFO][SyncManagerImpl::NudgeForInitialDownload] Initial download nudge for Extension settings
2026-04-04 20:42:22.111: [INFO][SyncManagerImpl::NudgeForInitialDownload] Initial download nudge for History Delete Directives
2026-04-04 20:42:22.111: [INFO][SyncManagerImpl::NudgeForInitialDownload] Initial download nudge for Device Info
2026-04-04 20:42:22.111: [INFO][SyncManagerImpl::NudgeForInitialDownload] Initial download nudge for Send Tab To Self
2026-04-04 20:42:22.111: [INFO][SyncManagerImpl::NudgeForInitialDownload] Initial download nudge for Web Apps
2026-04-04 20:42:22.111: [INFO][SyncManagerImpl::NudgeForInitialDownload] Initial download nudge for History
2026-04-04 20:42:22.111: [INFO][SyncManagerImpl::NudgeForInitialDownload] Initial download nudge for Saved Tab Group
2026-04-04 20:42:22.111: [INFO][SyncManagerImpl::NudgeForInitialDownload] Initial download nudge for WebAuthn Credentials
2026-04-04 20:42:22.111: [INFO][SyncManagerImpl::NudgeForInitialDownload] Initial download nudge for Collection
2026-04-04 20:42:22.111: [INFO][SyncManagerImpl::NudgeForInitialDownload] Initial download nudge for Edge E Drop
2026-04-04 20:42:22.111: [INFO][SyncManagerImpl::NudgeForInitialDownload] Initial download nudge for Edge Hub App Usage
2026-04-04 20:42:22.111: [INFO][SyncManagerImpl::NudgeForInitialDownload] Initial download nudge for Edge Wallet
2026-04-04 20:42:22.111: [INFO][SyncManagerImpl::NudgeForInitialDownload] Initial download nudge for Edge Workspace
2026-04-04 20:42:22.111: [INFO][SyncManagerImpl::ConfigureSyncer] Types to download:  with reason: 3
2026-04-04 20:42:22.111: [INFO][SyncEngineBackend::DoFinishConfigureDataTypes] Failed to download types:  and succeeded types: 
2026-04-04 20:42:22.111: [INFO][Sync] Started DataTypeManager configuration, reason: 5
2026-04-04 20:42:22.111: [INFO][Sync] Configuring for: Bookmarks, Preferences, Passwords, Autofill Profiles, Autofill, Extensions, Sessions, Extension settings, History Delete Directives, Device Info, User Consents, Send Tab To Self, Web Apps, History, Saved Tab Group, WebAuthn Credentials, Collection, Edge E Drop, Edge Hub App Usage, Edge Wallet, Edge Workspace, Encryption Keys, reason: 5, current state: 1
2026-04-04 20:42:22.114: [INFO][Sync] ConfigurationDone, failed: , succeeded: , remaining count: 4
2026-04-04 20:42:22.114: [WARN][Sync]     Reconfigure requested while configuration ongoing.
2026-04-04 20:42:22.114: [INFO][Sync] Configuring for: Bookmarks, Preferences, Passwords, Autofill Profiles, Autofill, Extensions, Sessions, Extension settings, History Delete Directives, Device Info, User Consents, Send Tab To Self, Web Apps, History, Saved Tab Group, WebAuthn Credentials, Collection, Edge E Drop, Edge Hub App Usage, Edge Wallet, Edge Workspace, Encryption Keys, reason: 5, current state: 2
2026-04-04 20:42:22.114: [INFO][Sync] Configure, desired: Bookmarks, Preferences, Passwords, Autofill Profiles, Autofill, Extensions, Sessions, Extension settings, History Delete Directives, Device Info, User Consents, Send Tab To Self, Web Apps, History, Saved Tab Group, WebAuthn Credentials, Collection, Edge E Drop, Edge Hub App Usage, Edge Wallet, Edge Workspace, Encryption Keys; Allow fail: 
2026-04-04 20:42:22.114: [INFO][Sync] Loading: Passwords
2026-04-04 20:42:22.114: [INFO][Sync] Loading: Autofill Profiles
2026-04-04 20:42:22.114: [INFO][Sync] Loading: Autofill
2026-04-04 20:42:22.114: [INFO][Sync] All data types are ready for configure.
2026-04-04 20:42:22.115: [INFO][SyncManagerImpl::NudgeForInitialDownload] Initial download nudge for Passwords
2026-04-04 20:42:22.115: [INFO][SyncManagerImpl::NudgeForInitialDownload] Initial download nudge for Autofill Profiles
2026-04-04 20:42:22.115: [INFO][SyncManagerImpl::NudgeForInitialDownload] Initial download nudge for Autofill
2026-04-04 20:42:22.115: [INFO][SyncManagerImpl::ConfigureSyncer] Types to download:  with reason: 5
2026-04-04 20:42:22.115: [INFO][SyncEngineBackend::DoFinishConfigureDataTypes] Failed to download types:  and succeeded types: 
2026-04-04 20:42:22.115: [INFO][Sync] ConfigurationDone, failed: , succeeded: , remaining count: 4
2026-04-04 20:42:22.115: [INFO][Sync] Prepare to configure types: Preferences, Passwords, Device Info, Send Tab To Self, Edge E Drop, Encryption Keys
2026-04-04 20:42:22.115: [INFO][SyncManagerImpl::ConfigureSyncer] Types to download: Preferences, Passwords, Device Info, Send Tab To Self, Edge E Drop, Encryption Keys with reason: 5
2026-04-04 20:42:22.115: [INFO][SyncSchedulerImpl::DoConfigurationSyncCycleJob] Blocked types:  and types to download: Preferences, Passwords, Device Info, Send Tab To Self, Edge E Drop, Encryption Keys
2026-04-04 20:42:23.983: [INFO][SyncEngineBackend::DoFinishConfigureDataTypes] Failed to download types:  and succeeded types: Preferences, Passwords, Device Info, Send Tab To Self, Edge E Drop, Encryption Keys
2026-04-04 20:42:24.026: [INFO][Sync] ConfigurationDone, failed: , succeeded: Preferences, Passwords, Device Info, Send Tab To Self, Edge E Drop, Encryption Keys, remaining count: 3
2026-04-04 20:42:24.026: [INFO][Sync] Prepare to configure types: Bookmarks, Encryption Keys
2026-04-04 20:42:24.026: [INFO][SyncManagerImpl::ConfigureSyncer] Types to download: Bookmarks, Encryption Keys with reason: 5
2026-04-04 20:42:24.026: [INFO][SyncSchedulerImpl::DoConfigurationSyncCycleJob] Blocked types:  and types to download: Bookmarks, Encryption Keys
2026-04-04 20:42:24.344: [INFO][SyncEngineBackend::DoFinishConfigureDataTypes] Failed to download types:  and succeeded types: Bookmarks, Encryption Keys
2026-04-04 20:42:24.351: [INFO][Sync] ConfigurationDone, failed: , succeeded: Bookmarks, Encryption Keys, remaining count: 2
2026-04-04 20:42:24.351: [INFO][Sync] Prepare to configure types: Autofill Profiles, Autofill, Extensions, Sessions, Extension settings, History Delete Directives, Web Apps, Saved Tab Group, WebAuthn Credentials, Collection, Edge Hub App Usage, Edge Wallet, Edge Workspace, Encryption Keys
2026-04-04 20:42:24.351: [INFO][SyncManagerImpl::ConfigureSyncer] Types to download: Autofill Profiles, Autofill, Extensions, Sessions, Extension settings, History Delete Directives, Web Apps, Saved Tab Group, WebAuthn Credentials, Collection, Edge Hub App Usage, Edge Wallet, Edge Workspace, Encryption Keys with reason: 5
2026-04-04 20:42:24.351: [INFO][SyncSchedulerImpl::DoConfigurationSyncCycleJob] Blocked types:  and types to download: Autofill Profiles, Autofill, Extensions, Sessions, Extension settings, History Delete Directives, Web Apps, Saved Tab Group, WebAuthn Credentials, Collection, Edge Hub App Usage, Edge Wallet, Edge Workspace, Encryption Keys
2026-04-04 20:43:00.428: [INFO][Sync] SyncState after authenticated was: FeatureCanStart
2026-04-04 20:43:00.700: [INFO][Sync] Try to start sync engine
2026-04-04 20:43:00.706: [INFO][SyncAuthManager::SetLastAuthError] Current auth error: None
2026-04-04 20:43:00.706: [INFO][SyncAuthManager::EdgeLogTokenErrorState] Token error with: None for account type: MSA
2026-04-04 20:43:00.706: [INFO][Sync] Credentials changed for: EdgeSyncKeyDataScope
2026-04-04 20:43:00.706: [INFO][SyncEngineBackend::LoadAndConnectNigoriController] Load and connect Nigori controller
2026-04-04 20:43:00.706: [INFO][SyncEngineBackend::DoInitialize] Control Types added: 
2026-04-04 20:43:00.706: [INFO][SyncManagerImpl::ConfigureSyncer] Types to download:  with reason: 4
2026-04-04 20:43:00.706: [INFO][SyncEngineBackend::DoUpdateKeyDataCredentials] Update key data credentials
2026-04-04 20:43:00.735: [INFO][Sync] Started DataTypeManager configuration, reason: 4
2026-04-04 20:43:00.735: [INFO][Sync] Configuring for: Bookmarks, Preferences, Passwords, Autofill Profiles, Autofill, Extensions, Sessions, Extension settings, History Delete Directives, Device Info, User Consents, Send Tab To Self, Web Apps, History, Saved Tab Group, WebAuthn Credentials, Collection, Edge E Drop, Edge Hub App Usage, Edge Wallet, Edge Workspace, Encryption Keys, reason: 4, current state: 0
2026-04-04 20:43:00.735: [INFO][SyncEngineBackend::DoStartConfiguration] Start configuration
2026-04-04 20:43:00.737: [INFO][Sync] Configure, desired: Bookmarks, Preferences, Passwords, Autofill Profiles, Autofill, Extensions, Sessions, Extension settings, History Delete Directives, Device Info, User Consents, Send Tab To Self, Web Apps, History, Saved Tab Group, WebAuthn Credentials, Collection, Edge E Drop, Edge Hub App Usage, Edge Wallet, Edge Workspace, Encryption Keys; Allow fail: 
2026-04-04 20:43:00.737: [INFO][Sync] Loading: Bookmarks
2026-04-04 20:43:00.737: [INFO][Sync] Loading: Preferences
2026-04-04 20:43:00.737: [INFO][Sync] Loading: Passwords
2026-04-04 20:43:00.737: [INFO][Sync] Loading: Autofill Profiles
2026-04-04 20:43:00.737: [INFO][Sync] Loading: Autofill
2026-04-04 20:43:00.737: [INFO][Sync] Loading: Extensions
2026-04-04 20:43:00.737: [INFO][Sync] Loading: Sessions
2026-04-04 20:43:00.737: [INFO][Sync] Loading: Extension settings
2026-04-04 20:43:00.737: [INFO][Sync] Loading: History Delete Directives
2026-04-04 20:43:00.737: [INFO][Sync] Loading: Device Info
2026-04-04 20:43:00.737: [INFO][Sync] Loading: User Consents
2026-04-04 20:43:00.737: [INFO][Sync] Loading: Send Tab To Self
2026-04-04 20:43:00.737: [INFO][Sync] Loading: Web Apps
2026-04-04 20:43:00.737: [INFO][Sync] Loading: History
2026-04-04 20:43:00.737: [INFO][Sync] Loading: Saved Tab Group
2026-04-04 20:43:00.737: [INFO][Sync] Loading: WebAuthn Credentials
2026-04-04 20:43:00.737: [INFO][Sync] Loading: Collection
2026-04-04 20:43:00.737: [INFO][Sync] Loading: Edge E Drop
2026-04-04 20:43:00.737: [INFO][Sync] Loading: Edge Hub App Usage
2026-04-04 20:43:00.737: [INFO][Sync] Loading: Edge Wallet
2026-04-04 20:43:00.737: [INFO][Sync] Loading: Edge Workspace
2026-04-04 20:43:00.742: [INFO][SyncAuthManager::SetLastAuthError] Current auth error: None
2026-04-04 20:43:00.742: [INFO][SyncAuthManager::EdgeLogTokenErrorState] Token error with: None for account type: MSA
2026-04-04 20:43:00.742: [INFO][Sync] Credentials changed for: EdgeSyncScopeNew
2026-04-04 20:43:00.742: [INFO][SyncEngineBackend::DoUpdateCredentials] Update credentials
2026-04-04 20:43:00.742: [INFO][SyncEngineBackend::DoUpdateKeyDataCredentials] Update key data credentials
2026-04-04 20:43:00.746: [INFO][Sync] All data types are ready for configure.
2026-04-04 20:43:00.746: [INFO][SyncManagerImpl::NudgeForInitialDownload] Initial download nudge for Autofill Profiles
2026-04-04 20:43:00.746: [INFO][SyncManagerImpl::NudgeForInitialDownload] Initial download nudge for Autofill
2026-04-04 20:43:00.746: [INFO][SyncManagerImpl::NudgeForInitialDownload] Initial download nudge for Extensions
2026-04-04 20:43:00.746: [INFO][SyncManagerImpl::NudgeForInitialDownload] Initial download nudge for Sessions
2026-04-04 20:43:00.746: [INFO][SyncManagerImpl::NudgeForInitialDownload] Initial download nudge for Extension settings
2026-04-04 20:43:00.746: [INFO][SyncManagerImpl::NudgeForInitialDownload] Initial download nudge for History Delete Directives
2026-04-04 20:43:00.746: [INFO][SyncManagerImpl::NudgeForInitialDownload] Initial download nudge for Web Apps
2026-04-04 20:43:00.746: [INFO][SyncManagerImpl::NudgeForInitialDownload] Initial download nudge for History
2026-04-04 20:43:00.746: [INFO][SyncManagerImpl::NudgeForInitialDownload] Initial download nudge for Saved Tab Group
2026-04-04 20:43:00.746: [INFO][SyncManagerImpl::NudgeForInitialDownload] Initial download nudge for WebAuthn Credentials
2026-04-04 20:43:00.746: [INFO][SyncManagerImpl::NudgeForInitialDownload] Initial download nudge for Collection
2026-04-04 20:43:00.746: [INFO][SyncManagerImpl::NudgeForInitialDownload] Initial download nudge for Edge Hub App Usage
2026-04-04 20:43:00.746: [INFO][SyncManagerImpl::NudgeForInitialDownload] Initial download nudge for Edge Wallet
2026-04-04 20:43:00.747: [INFO][SyncManagerImpl::NudgeForInitialDownload] Initial download nudge for Edge Workspace
2026-04-04 20:43:00.747: [INFO][SyncManagerImpl::ConfigureSyncer] Types to download:  with reason: 4
2026-04-04 20:43:00.747: [INFO][SyncEngineBackend::DoFinishConfigureDataTypes] Failed to download types:  and succeeded types: 
2026-04-04 20:43:00.747: [INFO][Sync] ConfigurationDone, failed: , succeeded: , remaining count: 4
2026-04-04 20:43:00.747: [INFO][SyncManagerImpl::ConfigureSyncer] Types to download:  with reason: 4
2026-04-04 20:43:00.747: [INFO][SyncEngineBackend::DoFinishConfigureDataTypes] Failed to download types:  and succeeded types: 
2026-04-04 20:43:00.747: [INFO][Sync] ConfigurationDone, failed: , succeeded: , remaining count: 3
2026-04-04 20:43:00.747: [INFO][SyncManagerImpl::ConfigureSyncer] Types to download:  with reason: 4
2026-04-04 20:43:00.747: [INFO][SyncEngineBackend::DoFinishConfigureDataTypes] Failed to download types:  and succeeded types: 
2026-04-04 20:43:00.747: [INFO][Sync] ConfigurationDone, failed: , succeeded: , remaining count: 2
2026-04-04 20:43:00.747: [INFO][Sync] Prepare to configure types: Autofill Profiles, Autofill, Extensions, Sessions, Extension settings, History Delete Directives, Web Apps, Saved Tab Group, WebAuthn Credentials, Collection, Edge Hub App Usage, Edge Wallet, Edge Workspace, Encryption Keys
2026-04-04 20:43:00.747: [INFO][SyncManagerImpl::ConfigureSyncer] Types to download: Autofill Profiles, Autofill, Extensions, Sessions, Extension settings, History Delete Directives, Web Apps, Saved Tab Group, WebAuthn Credentials, Collection, Edge Hub App Usage, Edge Wallet, Edge Workspace, Encryption Keys with reason: 4
2026-04-04 20:43:00.747: [INFO][SyncSchedulerImpl::DoConfigurationSyncCycleJob] Blocked types:  and types to download: Autofill Profiles, Autofill, Extensions, Sessions, Extension settings, History Delete Directives, Web Apps, Saved Tab Group, WebAuthn Credentials, Collection, Edge Hub App Usage, Edge Wallet, Edge Workspace, Encryption Keys
