{"logTime": "0404/204356", "correlationVector":"Jb2UahH9Rnyyip0mUJK/eT.1","action":"SyncServerConnectionManagerRequest", "result":"SYNC_SERVER_OK", "context":{"environment":"Prod_francecentral_prod-s01-062-eur-francecentral", "migrationStage":"NotStarted", "server":"akswtt11300000r"}}
{"logTime": "0404/204356", "correlationVector":"Jb2UahH9Rnyyip0mUJK/eT.2","action":"ProcessGetUpdates", "result":"Done", "context":{"dataType":"Encryption Keys", "deleted":"0", "process_failed_to_decrypt":"0", "process_pending_decryption":"0", "process_success":"1", "total":"1"}}
{"logTime": "0404/204357", "correlationVector":"mNjh7BhQR1VgQnX5KxWdsO","action":"SyncServerConnectionManagerRequest", "result":"SYNC_SERVER_OK", "context":{"environment":"", "migrationStage":"", "server":""}}
{"logTime": "0404/204357", "correlationVector":"mNjh7BhQR1VgQnX5KxWdsO.0","action":"EncryptionKeysFetcher.DownloadKeys:", "result":"Success", "context":Key count: 6, Last key timestamp: 2025-12-03T14:44:02Z}
{"logTime": "0404/204357", "correlationVector":"mNjh7BhQR1VgQnX5KxWdsO.1","action":"EncryptionKeysManager::SetEncryptionKeys:", "result":"Success", "context":Key names[6]:[Qql9pe+O0zd/wd9ZOGVBVjZCjKpc4x9p0ip46ZnjGRcADyf5q+XtOTz6OrsrfnOHagdUDeUpaM6si9Y8IZFY/Q==][AOxNZZuDp0SjvaR5zsD8awCXKvN6M0KjKlQRzylIlx9eRe3nBOmBXL2Tit54Z61gDvCe6mRNw6wvQAvbhzP6sQ==][dHrzsqstf6UkHi4dTARpDGRQqHjBDltLVy9dcw9dwovYZKG6cUCmLE2ypjdRmocNwHI2KHfaLLW1Brvz5J/g7g==][4iQi76tTyu2vkcFGHtahQnVr+WjH5gFPXxa6/9zBbvXuwQummcXwue3CaMHv1MboaBxMZAnGtdnwMNOF0eJA0w==][C0Q7wT2Y899aHj+VVBgpchOEf+ZTf0dI8MGHHWVmuzZMc8mpyrdzAsqfCBojFN625BRSwEDwJhTEYG4RsywPDQ==][P85qWn/lIk6fvC1mqnW+VUbE5BGq4LcbO4iY4e04igELc9km+GV/B13GmNw4l2FfzIBNPKHidSXnKqTirDmLjw==]}
{"logTime": "0404/204357", "correlationVector":"mNjh7BhQR1VgQnX5KxWdsO.2","action":"EncryptionKeysManager::SetEncryptionKeysWithTimestamps:", "result":"Success", "context":Key timestamps[6]:[2023-05-20T14:09:21Z][2023-11-24T10:20:07Z][2024-06-06T15:01:29Z][2024-12-04T14:10:52Z][2025-06-06T13:08:58Z][2025-12-03T14:44:02Z]}
{"logTime": "0404/204357", "correlationVector":"Jb2UahH9Rnyyip0mUJK/eT","action":"Initial GetUpdates", "result":"", "context":Reason: NEW_CLIENT. cV=Jb2UahH9Rnyyip0mUJK/eT}
{"logTime": "0404/204357", "correlationVector":"Jb2UahH9Rnyyip0mUJK/eT.3","action":"GetUpdates Response", "result":"Success", "context":Received 1 update(s). cV=Jb2UahH9Rnyyip0mUJK/eT.0;server=akswtt11300000r;cloudType=Consumer;environment=Prod_francecentral_prod-s01-062-eur-francecentral;migrationStage=NotStarted}
{"logTime": "0404/204357", "correlationVector":"mHl+s78el/clevrT8DOPoZ","action":"Initial GetUpdates", "result":"", "context":Reason: NEWLY_SUPPORTED_DATATYPE. cV=mHl+s78el/clevrT8DOPoZ}
{"logTime": "0404/204358", "correlationVector":"mHl+s78el/clevrT8DOPoZ.1","action":"SyncServerConnectionManagerRequest", "result":"SYNC_SERVER_OK", "context":{"environment":"Prod_francecentral_prod-s01-062-eur-francecentral", "migrationStage":"NotStarted", "server":"akswtt11300000j"}}
{"logTime": "0404/204358", "correlationVector":"mHl+s78el/clevrT8DOPoZ.2","action":"ProcessGetUpdates", "result":"Done", "context":{"dataType":"Preferences", "deleted":"0", "process_failed_to_decrypt":"0", "process_pending_decryption":"0", "process_success":"84", "total":"84"}}
{"logTime": "0404/204358", "correlationVector":"mHl+s78el/clevrT8DOPoZ.3","action":"ProcessGetUpdates", "result":"Done", "context":{"dataType":"Passwords", "deleted":"1", "process_failed_to_decrypt":"0", "process_pending_decryption":"0", "process_success":"160", "total":"160"}}
{"logTime": "0404/204358", "correlationVector":"mHl+s78el/clevrT8DOPoZ.4","action":"ProcessGetUpdates", "result":"Done", "context":{"dataType":"Device Info", "deleted":"0", "process_failed_to_decrypt":"0", "process_pending_decryption":"0", "process_success":"6", "total":"6"}}
{"logTime": "0404/204358", "correlationVector":"mHl+s78el/clevrT8DOPoZ.5","action":"GetUpdates Response", "result":"Success", "context":Received 250 update(s). cV=mHl+s78el/clevrT8DOPoZ.0;server=akswtt11300000j;cloudType=Consumer;environment=Prod_francecentral_prod-s01-062-eur-francecentral;migrationStage=NotStarted Some updates remain.}
{"logTime": "0404/204358", "correlationVector":"5lpQ8QO/EU5sVBlClUPxL2","action":"Initial GetUpdates", "result":"", "context":Reason: NEWLY_SUPPORTED_DATATYPE. cV=5lpQ8QO/EU5sVBlClUPxL2}
{"logTime": "0404/204358", "correlationVector":"5lpQ8QO/EU5sVBlClUPxL2.1","action":"SyncServerConnectionManagerRequest", "result":"SYNC_SERVER_OK", "context":{"environment":"Prod_francecentral_prod-s01-062-eur-francecentral", "migrationStage":"NotStarted", "server":"akswtt113000011"}}
{"logTime": "0404/204358", "correlationVector":"5lpQ8QO/EU5sVBlClUPxL2.2","action":"ProcessGetUpdates", "result":"Done", "context":{"dataType":"Preferences", "deleted":"0", "process_failed_to_decrypt":"0", "process_pending_decryption":"0", "process_success":"17", "total":"17"}}
{"logTime": "0404/204358", "correlationVector":"5lpQ8QO/EU5sVBlClUPxL2.3","action":"ProcessGetUpdates", "result":"Done", "context":{"dataType":"Passwords", "deleted":"0", "process_failed_to_decrypt":"0", "process_pending_decryption":"0", "process_success":"79", "total":"79"}}
{"logTime": "0404/204358", "correlationVector":"5lpQ8QO/EU5sVBlClUPxL2.4","action":"ProcessGetUpdates", "result":"Done", "context":{"dataType":"Device Info", "deleted":"0", "process_failed_to_decrypt":"0", "process_pending_decryption":"0", "process_success":"3", "total":"3"}}
{"logTime": "0404/204358", "correlationVector":"5lpQ8QO/EU5sVBlClUPxL2.5","action":"GetUpdates Response", "result":"Success", "context":Received 99 update(s). cV=5lpQ8QO/EU5sVBlClUPxL2.0;server=akswtt113000011;cloudType=Consumer;environment=Prod_francecentral_prod-s01-062-eur-francecentral;migrationStage=NotStarted}
{"logTime": "0404/204359", "correlationVector":"+RntF6pfcTFtiA7FiOP9gE","action":"Initial GetUpdates", "result":"", "context":Reason: NEWLY_SUPPORTED_DATATYPE. cV=+RntF6pfcTFtiA7FiOP9gE}
{"logTime": "0404/204359", "correlationVector":"+RntF6pfcTFtiA7FiOP9gE.1","action":"SyncServerConnectionManagerRequest", "result":"SYNC_SERVER_OK", "context":{"environment":"Prod_francecentral_prod-s01-062-eur-francecentral", "migrationStage":"NotStarted", "server":"akswtt11300000f"}}
{"logTime": "0404/204359", "correlationVector":"+RntF6pfcTFtiA7FiOP9gE.2","action":"ProcessGetUpdates", "result":"Done", "context":{"dataType":"Bookmarks", "deleted":"0", "process_failed_to_decrypt":"0", "process_pending_decryption":"0", "process_success":"16", "total":"16"}}
{"logTime": "0404/204359", "correlationVector":"+RntF6pfcTFtiA7FiOP9gE.3","action":"GetUpdates Response", "result":"Success", "context":Received 16 update(s). cV=+RntF6pfcTFtiA7FiOP9gE.0;server=akswtt11300000f;cloudType=Consumer;environment=Prod_francecentral_prod-s01-062-eur-francecentral;migrationStage=NotStarted}
{"logTime": "0404/204359", "correlationVector":"/Ej9euTw6veEEgp3mP/YtZ","action":"Initial GetUpdates", "result":"", "context":Reason: NEWLY_SUPPORTED_DATATYPE. cV=/Ej9euTw6veEEgp3mP/YtZ}
{"logTime": "0404/204359", "correlationVector":"/Ej9euTw6veEEgp3mP/YtZ.1","action":"SyncServerConnectionManagerRequest", "result":"SYNC_SERVER_OK", "context":{"environment":"Prod_francecentral_prod-s01-062-eur-francecentral", "migrationStage":"NotStarted", "server":"akswtt113000011"}}
{"logTime": "0404/204359", "correlationVector":"/Ej9euTw6veEEgp3mP/YtZ.2","action":"ProcessGetUpdates", "result":"Done", "context":{"dataType":"Autofill Profiles", "deleted":"0", "process_failed_to_decrypt":"0", "process_pending_decryption":"0", "process_success":"31", "total":"31"}}
{"logTime": "0404/204359", "correlationVector":"/Ej9euTw6veEEgp3mP/YtZ.3","action":"ProcessGetUpdates", "result":"Done", "context":{"dataType":"Autofill", "deleted":"0", "process_failed_to_decrypt":"0", "process_pending_decryption":"0", "process_success":"179", "total":"179"}}
{"logTime": "0404/204359", "correlationVector":"/Ej9euTw6veEEgp3mP/YtZ.4","action":"ProcessGetUpdates", "result":"Done", "context":{"dataType":"Extensions", "deleted":"0", "process_failed_to_decrypt":"0", "process_pending_decryption":"0", "process_success":"7", "total":"7"}}
{"logTime": "0404/204359", "correlationVector":"/Ej9euTw6veEEgp3mP/YtZ.5","action":"ProcessGetUpdates", "result":"Done", "context":{"dataType":"Extension settings", "deleted":"0", "process_failed_to_decrypt":"0", "process_pending_decryption":"0", "process_success":"6", "total":"6"}}
{"logTime": "0404/204359", "correlationVector":"/Ej9euTw6veEEgp3mP/YtZ.6","action":"ProcessGetUpdates", "result":"Done", "context":{"dataType":"Saved Tab Group", "deleted":"27", "process_failed_to_decrypt":"0", "process_pending_decryption":"0", "process_success":"27", "total":"27"}}
{"logTime": "0404/204359", "correlationVector":"/Ej9euTw6veEEgp3mP/YtZ.7","action":"GetUpdates Response", "result":"Success", "context":Received 250 update(s). cV=/Ej9euTw6veEEgp3mP/YtZ.0;server=akswtt113000011;cloudType=Consumer;environment=Prod_francecentral_prod-s01-062-eur-francecentral;migrationStage=NotStarted Some updates remain.}
{"logTime": "0404/204359", "correlationVector":"/hjWk8pAa/QVjTzoG6wGT3","action":"Initial GetUpdates", "result":"", "context":Reason: NEWLY_SUPPORTED_DATATYPE. cV=/hjWk8pAa/QVjTzoG6wGT3}
{"logTime": "0404/204400", "correlationVector":"/hjWk8pAa/QVjTzoG6wGT3.1","action":"SyncServerConnectionManagerRequest", "result":"SYNC_SERVER_OK", "context":{"environment":"Prod_francecentral_prod-s01-062-eur-francecentral", "migrationStage":"NotStarted", "server":"akswtt11300000j"}}
{"logTime": "0404/204400", "correlationVector":"/hjWk8pAa/QVjTzoG6wGT3.2","action":"ProcessGetUpdates", "result":"Done", "context":{"dataType":"Autofill", "deleted":"0", "process_failed_to_decrypt":"0", "process_pending_decryption":"0", "process_success":"250", "total":"250"}}
{"logTime": "0404/204400", "correlationVector":"/hjWk8pAa/QVjTzoG6wGT3.3","action":"GetUpdates Response", "result":"Success", "context":Received 250 update(s). cV=/hjWk8pAa/QVjTzoG6wGT3.0;server=akswtt11300000j;cloudType=Consumer;environment=Prod_francecentral_prod-s01-062-eur-francecentral;migrationStage=NotStarted Some updates remain.}
{"logTime": "0404/204400", "correlationVector":"j9NwKNGLsP6Qo7sysQMeqo","action":"Initial GetUpdates", "result":"", "context":Reason: NEWLY_SUPPORTED_DATATYPE. cV=j9NwKNGLsP6Qo7sysQMeqo}
{"logTime": "0404/204401", "correlationVector":"j9NwKNGLsP6Qo7sysQMeqo.1","action":"SyncServerConnectionManagerRequest", "result":"SYNC_SERVER_OK", "context":{"environment":"Prod_francecentral_prod-s01-062-eur-francecentral", "migrationStage":"NotStarted", "server":"akswtt113000011"}}
{"logTime": "0404/204401", "correlationVector":"j9NwKNGLsP6Qo7sysQMeqo.2","action":"ProcessGetUpdates", "result":"Done", "context":{"dataType":"Autofill", "deleted":"0", "process_failed_to_decrypt":"0", "process_pending_decryption":"0", "process_success":"250", "total":"250"}}
{"logTime": "0404/204401", "correlationVector":"j9NwKNGLsP6Qo7sysQMeqo.3","action":"GetUpdates Response", "result":"Success", "context":Received 250 update(s). cV=j9NwKNGLsP6Qo7sysQMeqo.0;server=akswtt113000011;cloudType=Consumer;environment=Prod_francecentral_prod-s01-062-eur-francecentral;migrationStage=NotStarted Some updates remain.}
{"logTime": "0404/204401", "correlationVector":"8xhRSBPAZ9cFGiKGdhYXIn","action":"Initial GetUpdates", "result":"", "context":Reason: NEWLY_SUPPORTED_DATATYPE. cV=8xhRSBPAZ9cFGiKGdhYXIn}
{"logTime": "0404/204402", "correlationVector":"8xhRSBPAZ9cFGiKGdhYXIn.1","action":"SyncServerConnectionManagerRequest", "result":"SYNC_SERVER_OK", "context":{"environment":"Prod_francecentral_prod-s01-062-eur-francecentral", "migrationStage":"NotStarted", "server":"akswtt113000011"}}
{"logTime": "0404/204402", "correlationVector":"8xhRSBPAZ9cFGiKGdhYXIn.2","action":"ProcessGetUpdates", "result":"Done", "context":{"dataType":"Autofill", "deleted":"0", "process_failed_to_decrypt":"0", "process_pending_decryption":"0", "process_success":"250", "total":"250"}}
{"logTime": "0404/204402", "correlationVector":"8xhRSBPAZ9cFGiKGdhYXIn.3","action":"GetUpdates Response", "result":"Success", "context":Received 250 update(s). cV=8xhRSBPAZ9cFGiKGdhYXIn.0;server=akswtt113000011;cloudType=Consumer;environment=Prod_francecentral_prod-s01-062-eur-francecentral;migrationStage=NotStarted Some updates remain.}
{"logTime": "0404/204402", "correlationVector":"fCKGHOeOJWyToviGM67j9o","action":"Initial GetUpdates", "result":"", "context":Reason: NEWLY_SUPPORTED_DATATYPE. cV=fCKGHOeOJWyToviGM67j9o}
{"logTime": "0404/204402", "correlationVector":"fCKGHOeOJWyToviGM67j9o.1","action":"SyncServerConnectionManagerRequest", "result":"SYNC_SERVER_OK", "context":{"environment":"Prod_francecentral_prod-s01-062-eur-francecentral", "migrationStage":"NotStarted", "server":"akswtt113000011"}}
{"logTime": "0404/204402", "correlationVector":"fCKGHOeOJWyToviGM67j9o.2","action":"ProcessGetUpdates", "result":"Done", "context":{"dataType":"Autofill", "deleted":"0", "process_failed_to_decrypt":"0", "process_pending_decryption":"0", "process_success":"231", "total":"231"}}
{"logTime": "0404/204402", "correlationVector":"fCKGHOeOJWyToviGM67j9o.3","action":"ProcessGetUpdates", "result":"Done", "context":{"dataType":"Sessions", "deleted":"7", "process_failed_to_decrypt":"0", "process_pending_decryption":"0", "process_success":"7", "total":"7"}}
{"logTime": "0404/204402", "correlationVector":"fCKGHOeOJWyToviGM67j9o.4","action":"ProcessGetUpdates", "result":"Done", "context":{"dataType":"Saved Tab Group", "deleted":"12", "process_failed_to_decrypt":"0", "process_pending_decryption":"0", "process_success":"12", "total":"12"}}
{"logTime": "0404/204402", "correlationVector":"fCKGHOeOJWyToviGM67j9o.5","action":"GetUpdates Response", "result":"Success", "context":Received 250 update(s). cV=fCKGHOeOJWyToviGM67j9o.0;server=akswtt113000011;cloudType=Consumer;environment=Prod_francecentral_prod-s01-062-eur-francecentral;migrationStage=NotStarted Some updates remain.}
{"logTime": "0404/204402", "correlationVector":"BULwWLwXPRBZ+WvEoQzPGr","action":"Initial GetUpdates", "result":"", "context":Reason: NEWLY_SUPPORTED_DATATYPE. cV=BULwWLwXPRBZ+WvEoQzPGr}
{"logTime": "0404/204403", "correlationVector":"BULwWLwXPRBZ+WvEoQzPGr.1","action":"SyncServerConnectionManagerRequest", "result":"SYNC_SERVER_OK", "context":{"environment":"Prod_francecentral_prod-s01-062-eur-francecentral", "migrationStage":"NotStarted", "server":"akswtt113000011"}}
{"logTime": "0404/204403", "correlationVector":"BULwWLwXPRBZ+WvEoQzPGr.2","action":"ProcessGetUpdates", "result":"Done", "context":{"dataType":"Autofill Profiles", "deleted":"3", "process_failed_to_decrypt":"0", "process_pending_decryption":"0", "process_success":"3", "total":"3"}}
{"logTime": "0404/204403", "correlationVector":"BULwWLwXPRBZ+WvEoQzPGr.3","action":"ProcessGetUpdates", "result":"Done", "context":{"dataType":"Autofill", "deleted":"0", "process_failed_to_decrypt":"0", "process_pending_decryption":"0", "process_success":"50", "total":"50"}}
{"logTime": "0404/204403", "correlationVector":"BULwWLwXPRBZ+WvEoQzPGr.4","action":"ProcessGetUpdates", "result":"Done", "context":{"dataType":"Sessions", "deleted":"194", "process_failed_to_decrypt":"0", "process_pending_decryption":"0", "process_success":"194", "total":"194"}}
{"logTime": "0404/204403", "correlationVector":"BULwWLwXPRBZ+WvEoQzPGr.5","action":"ProcessGetUpdates", "result":"Done", "context":{"dataType":"Edge Hub App Usage", "deleted":"0", "process_failed_to_decrypt":"0", "process_pending_decryption":"0", "process_success":"3", "total":"3"}}
{"logTime": "0404/204403", "correlationVector":"BULwWLwXPRBZ+WvEoQzPGr.6","action":"GetUpdates Response", "result":"Success", "context":Received 250 update(s). cV=BULwWLwXPRBZ+WvEoQzPGr.0;server=akswtt113000011;cloudType=Consumer;environment=Prod_francecentral_prod-s01-062-eur-francecentral;migrationStage=NotStarted Some updates remain.}
{"logTime": "0404/204403", "correlationVector":"f6W0r4OBtI5qd3JYKBlAdL","action":"Initial GetUpdates", "result":"", "context":Reason: NEWLY_SUPPORTED_DATATYPE. cV=f6W0r4OBtI5qd3JYKBlAdL}
{"logTime": "0404/204404", "correlationVector":"f6W0r4OBtI5qd3JYKBlAdL.1","action":"SyncServerConnectionManagerRequest", "result":"SYNC_SERVER_OK", "context":{"environment":"Prod_francecentral_prod-s01-062-eur-francecentral", "migrationStage":"NotStarted", "server":"akswtt113000007"}}
{"logTime": "0404/204404", "correlationVector":"f6W0r4OBtI5qd3JYKBlAdL.2","action":"ProcessGetUpdates", "result":"Done", "context":{"dataType":"Autofill Profiles", "deleted":"0", "process_failed_to_decrypt":"0", "process_pending_decryption":"0", "process_success":"3", "total":"3"}}
{"logTime": "0404/204404", "correlationVector":"f6W0r4OBtI5qd3JYKBlAdL.3","action":"ProcessGetUpdates", "result":"Done", "context":{"dataType":"Autofill", "deleted":"0", "process_failed_to_decrypt":"0", "process_pending_decryption":"0", "process_success":"35", "total":"35"}}
{"logTime": "0404/204404", "correlationVector":"f6W0r4OBtI5qd3JYKBlAdL.4","action":"ProcessGetUpdates", "result":"Done", "context":{"dataType":"Extensions", "deleted":"0", "process_failed_to_decrypt":"0", "process_pending_decryption":"0", "process_success":"2", "total":"2"}}
{"logTime": "0404/204404", "correlationVector":"f6W0r4OBtI5qd3JYKBlAdL.5","action":"ProcessGetUpdates", "result":"Done", "context":{"dataType":"Sessions", "deleted":"204", "process_failed_to_decrypt":"0", "process_pending_decryption":"0", "process_success":"204", "total":"204"}}
{"logTime": "0404/204404", "correlationVector":"f6W0r4OBtI5qd3JYKBlAdL.6","action":"ProcessGetUpdates", "result":"Done", "context":{"dataType":"Edge Hub App Usage", "deleted":"0", "process_failed_to_decrypt":"0", "process_pending_decryption":"0", "process_success":"6", "total":"6"}}
{"logTime": "0404/204404", "correlationVector":"f6W0r4OBtI5qd3JYKBlAdL.7","action":"GetUpdates Response", "result":"Success", "context":Received 250 update(s). cV=f6W0r4OBtI5qd3JYKBlAdL.0;server=akswtt113000007;cloudType=Consumer;environment=Prod_francecentral_prod-s01-062-eur-francecentral;migrationStage=NotStarted Some updates remain.}
{"logTime": "0404/204404", "correlationVector":"MlCij6yn/EQiSaAJWXqyQw","action":"Initial GetUpdates", "result":"", "context":Reason: NEWLY_SUPPORTED_DATATYPE. cV=MlCij6yn/EQiSaAJWXqyQw}
{"logTime": "0404/204404", "correlationVector":"MlCij6yn/EQiSaAJWXqyQw.1","action":"SyncServerConnectionManagerRequest", "result":"SYNC_SERVER_OK", "context":{"environment":"Prod_francecentral_prod-s01-062-eur-francecentral", "migrationStage":"NotStarted", "server":"akswtt11300000y"}}
{"logTime": "0404/204404", "correlationVector":"MlCij6yn/EQiSaAJWXqyQw.2","action":"ProcessGetUpdates", "result":"Done", "context":{"dataType":"Autofill Profiles", "deleted":"0", "process_failed_to_decrypt":"0", "process_pending_decryption":"0", "process_success":"1", "total":"1"}}
{"logTime": "0404/204404", "correlationVector":"MlCij6yn/EQiSaAJWXqyQw.3","action":"ProcessGetUpdates", "result":"Done", "context":{"dataType":"Autofill", "deleted":"0", "process_failed_to_decrypt":"0", "process_pending_decryption":"0", "process_success":"60", "total":"60"}}
{"logTime": "0404/204404", "correlationVector":"MlCij6yn/EQiSaAJWXqyQw.4","action":"ProcessGetUpdates", "result":"Done", "context":{"dataType":"Sessions", "deleted":"179", "process_failed_to_decrypt":"0", "process_pending_decryption":"0", "process_success":"179", "total":"179"}}
{"logTime": "0404/204404", "correlationVector":"MlCij6yn/EQiSaAJWXqyQw.5","action":"ProcessGetUpdates", "result":"Done", "context":{"dataType":"Saved Tab Group", "deleted":"3", "process_failed_to_decrypt":"0", "process_pending_decryption":"0", "process_success":"3", "total":"3"}}
{"logTime": "0404/204404", "correlationVector":"MlCij6yn/EQiSaAJWXqyQw.6","action":"ProcessGetUpdates", "result":"Done", "context":{"dataType":"Edge Hub App Usage", "deleted":"0", "process_failed_to_decrypt":"0", "process_pending_decryption":"0", "process_success":"7", "total":"7"}}
{"logTime": "0404/204404", "correlationVector":"MlCij6yn/EQiSaAJWXqyQw.7","action":"GetUpdates Response", "result":"Success", "context":Received 250 update(s). cV=MlCij6yn/EQiSaAJWXqyQw.0;server=akswtt11300000y;cloudType=Consumer;environment=Prod_francecentral_prod-s01-062-eur-francecentral;migrationStage=NotStarted Some updates remain.}
{"logTime": "0404/204404", "correlationVector":"MaKcL+H+skNTLuK+HogcZ9","action":"Initial GetUpdates", "result":"", "context":Reason: NEWLY_SUPPORTED_DATATYPE. cV=MaKcL+H+skNTLuK+HogcZ9}
{"logTime": "0404/204405", "correlationVector":"MaKcL+H+skNTLuK+HogcZ9.1","action":"SyncServerConnectionManagerRequest", "result":"SYNC_SERVER_OK", "context":{"environment":"Prod_francecentral_prod-s01-062-eur-francecentral", "migrationStage":"NotStarted", "server":"akswtt11300000f"}}
{"logTime": "0404/204405", "correlationVector":"MaKcL+H+skNTLuK+HogcZ9.2","action":"ProcessGetUpdates", "result":"Done", "context":{"dataType":"Autofill", "deleted":"0", "process_failed_to_decrypt":"0", "process_pending_decryption":"0", "process_success":"133", "total":"133"}}
{"logTime": "0404/204405", "correlationVector":"MaKcL+H+skNTLuK+HogcZ9.3","action":"ProcessGetUpdates", "result":"Done", "context":{"dataType":"Sessions", "deleted":"117", "process_failed_to_decrypt":"0", "process_pending_decryption":"0", "process_success":"117", "total":"117"}}
{"logTime": "0404/204405", "correlationVector":"MaKcL+H+skNTLuK+HogcZ9.4","action":"GetUpdates Response", "result":"Success", "context":Received 250 update(s). cV=MaKcL+H+skNTLuK+HogcZ9.0;server=akswtt11300000f;cloudType=Consumer;environment=Prod_francecentral_prod-s01-062-eur-francecentral;migrationStage=NotStarted Some updates remain.}
{"logTime": "0404/204405", "correlationVector":"CHPB6E41AubW+dMi3sMHK/","action":"Initial GetUpdates", "result":"", "context":Reason: NEWLY_SUPPORTED_DATATYPE. cV=CHPB6E41AubW+dMi3sMHK/}
{"logTime": "0404/204405", "correlationVector":"CHPB6E41AubW+dMi3sMHK/.1","action":"SyncServerConnectionManagerRequest", "result":"SYNC_SERVER_OK", "context":{"environment":"Prod_francecentral_prod-s01-062-eur-francecentral", "migrationStage":"NotStarted", "server":"akswtt113000018"}}
{"logTime": "0404/204405", "correlationVector":"CHPB6E41AubW+dMi3sMHK/.2","action":"ProcessGetUpdates", "result":"Done", "context":{"dataType":"Autofill", "deleted":"0", "process_failed_to_decrypt":"0", "process_pending_decryption":"0", "process_success":"83", "total":"83"}}
{"logTime": "0404/204405", "correlationVector":"CHPB6E41AubW+dMi3sMHK/.3","action":"ProcessGetUpdates", "result":"Done", "context":{"dataType":"Sessions", "deleted":"164", "process_failed_to_decrypt":"0", "process_pending_decryption":"0", "process_success":"164", "total":"164"}}
{"logTime": "0404/204405", "correlationVector":"CHPB6E41AubW+dMi3sMHK/.4","action":"ProcessGetUpdates", "result":"Done", "context":{"dataType":"Edge Hub App Usage", "deleted":"0", "process_failed_to_decrypt":"0", "process_pending_decryption":"0", "process_success":"3", "total":"3"}}
{"logTime": "0404/204405", "correlationVector":"CHPB6E41AubW+dMi3sMHK/.5","action":"GetUpdates Response", "result":"Success", "context":Received 250 update(s). cV=CHPB6E41AubW+dMi3sMHK/.0;server=akswtt113000018;cloudType=Consumer;environment=Prod_francecentral_prod-s01-062-eur-francecentral;migrationStage=NotStarted Some updates remain.}
{"logTime": "0404/204405", "correlationVector":"Gs0bUzfnp5GW8W1mAQLs/s","action":"Initial GetUpdates", "result":"", "context":Reason: NEWLY_SUPPORTED_DATATYPE. cV=Gs0bUzfnp5GW8W1mAQLs/s}
{"logTime": "0404/204406", "correlationVector":"Gs0bUzfnp5GW8W1mAQLs/s.1","action":"SyncServerConnectionManagerRequest", "result":"SYNC_SERVER_OK", "context":{"environment":"Prod_francecentral_prod-s01-062-eur-francecentral", "migrationStage":"NotStarted", "server":"akswtt11300000l"}}
{"logTime": "0404/204406", "correlationVector":"Gs0bUzfnp5GW8W1mAQLs/s.2","action":"ProcessGetUpdates", "result":"Done", "context":{"dataType":"Autofill", "deleted":"0", "process_failed_to_decrypt":"0", "process_pending_decryption":"0", "process_success":"81", "total":"81"}}
{"logTime": "0404/204406", "correlationVector":"Gs0bUzfnp5GW8W1mAQLs/s.3","action":"ProcessGetUpdates", "result":"Done", "context":{"dataType":"Sessions", "deleted":"161", "process_failed_to_decrypt":"0", "process_pending_decryption":"0", "process_success":"161", "total":"161"}}
{"logTime": "0404/204406", "correlationVector":"Gs0bUzfnp5GW8W1mAQLs/s.4","action":"ProcessGetUpdates", "result":"Done", "context":{"dataType":"Saved Tab Group", "deleted":"6", "process_failed_to_decrypt":"0", "process_pending_decryption":"0", "process_success":"6", "total":"6"}}
{"logTime": "0404/204406", "correlationVector":"Gs0bUzfnp5GW8W1mAQLs/s.5","action":"ProcessGetUpdates", "result":"Done", "context":{"dataType":"Edge Hub App Usage", "deleted":"2", "process_failed_to_decrypt":"0", "process_pending_decryption":"0", "process_success":"2", "total":"2"}}
{"logTime": "0404/204406", "correlationVector":"Gs0bUzfnp5GW8W1mAQLs/s.6","action":"GetUpdates Response", "result":"Success", "context":Received 250 update(s). cV=Gs0bUzfnp5GW8W1mAQLs/s.0;server=akswtt11300000l;cloudType=Consumer;environment=Prod_francecentral_prod-s01-062-eur-francecentral;migrationStage=NotStarted Some updates remain.}
{"logTime": "0404/204406", "correlationVector":"1TGhZeeBsUO7f60Qr8j+Eg","action":"Initial GetUpdates", "result":"", "context":Reason: NEWLY_SUPPORTED_DATATYPE. cV=1TGhZeeBsUO7f60Qr8j+Eg}
{"logTime": "0404/204407", "correlationVector":"1TGhZeeBsUO7f60Qr8j+Eg.1","action":"SyncServerConnectionManagerRequest", "result":"SYNC_SERVER_OK", "context":{"environment":"Prod_francecentral_prod-s01-062-eur-francecentral", "migrationStage":"NotStarted", "server":"akswtt11300000o"}}
{"logTime": "0404/204407", "correlationVector":"1TGhZeeBsUO7f60Qr8j+Eg.2","action":"ProcessGetUpdates", "result":"Done", "context":{"dataType":"Autofill Profiles", "deleted":"0", "process_failed_to_decrypt":"0", "process_pending_decryption":"0", "process_success":"2", "total":"2"}}
{"logTime": "0404/204407", "correlationVector":"1TGhZeeBsUO7f60Qr8j+Eg.3","action":"ProcessGetUpdates", "result":"Done", "context":{"dataType":"Autofill", "deleted":"0", "process_failed_to_decrypt":"0", "process_pending_decryption":"0", "process_success":"48", "total":"48"}}
{"logTime": "0404/204407", "correlationVector":"1TGhZeeBsUO7f60Qr8j+Eg.4","action":"ProcessGetUpdates", "result":"Done", "context":{"dataType":"Extensions", "deleted":"0", "process_failed_to_decrypt":"0", "process_pending_decryption":"0", "process_success":"2", "total":"2"}}
{"logTime": "0404/204407", "correlationVector":"1TGhZeeBsUO7f60Qr8j+Eg.5","action":"ProcessGetUpdates", "result":"Done", "context":{"dataType":"Sessions", "deleted":"195", "process_failed_to_decrypt":"0", "process_pending_decryption":"0", "process_success":"195", "total":"195"}}
{"logTime": "0404/204407", "correlationVector":"1TGhZeeBsUO7f60Qr8j+Eg.6","action":"ProcessGetUpdates", "result":"Done", "context":{"dataType":"History Delete Directives", "deleted":"0", "process_failed_to_decrypt":"0", "process_pending_decryption":"0", "process_success":"1", "total":"1"}}
{"logTime": "0404/204407", "correlationVector":"1TGhZeeBsUO7f60Qr8j+Eg.7","action":"ProcessGetUpdates", "result":"Done", "context":{"dataType":"Edge Hub App Usage", "deleted":"2", "process_failed_to_decrypt":"0", "process_pending_decryption":"0", "process_success":"2", "total":"2"}}
{"logTime": "0404/204407", "correlationVector":"1TGhZeeBsUO7f60Qr8j+Eg.8","action":"GetUpdates Response", "result":"Success", "context":Received 250 update(s). cV=1TGhZeeBsUO7f60Qr8j+Eg.0;server=akswtt11300000o;cloudType=Consumer;environment=Prod_francecentral_prod-s01-062-eur-francecentral;migrationStage=NotStarted Some updates remain.}
{"logTime": "0404/204407", "correlationVector":"x2bpkOZx13vQi4spE12Ec2","action":"Initial GetUpdates", "result":"", "context":Reason: NEWLY_SUPPORTED_DATATYPE. cV=x2bpkOZx13vQi4spE12Ec2}
{"logTime": "0404/204407", "correlationVector":"x2bpkOZx13vQi4spE12Ec2.1","action":"SyncServerConnectionManagerRequest", "result":"SYNC_SERVER_OK", "context":{"environment":"Prod_francecentral_prod-s01-062-eur-francecentral", "migrationStage":"NotStarted", "server":"akswtt113000018"}}
{"logTime": "0404/204407", "correlationVector":"x2bpkOZx13vQi4spE12Ec2.2","action":"ProcessGetUpdates", "result":"Done", "context":{"dataType":"Autofill Profiles", "deleted":"0", "process_failed_to_decrypt":"0", "process_pending_decryption":"0", "process_success":"6", "total":"6"}}
{"logTime": "0404/204407", "correlationVector":"x2bpkOZx13vQi4spE12Ec2.3","action":"ProcessGetUpdates", "result":"Done", "context":{"dataType":"Autofill", "deleted":"0", "process_failed_to_decrypt":"0", "process_pending_decryption":"0", "process_success":"42", "total":"42"}}
{"logTime": "0404/204407", "correlationVector":"x2bpkOZx13vQi4spE12Ec2.4","action":"ProcessGetUpdates", "result":"Done", "context":{"dataType":"Sessions", "deleted":"196", "process_failed_to_decrypt":"0", "process_pending_decryption":"0", "process_success":"196", "total":"196"}}
{"logTime": "0404/204407", "correlationVector":"x2bpkOZx13vQi4spE12Ec2.5","action":"ProcessGetUpdates", "result":"Done", "context":{"dataType":"Web Apps", "deleted":"1", "process_failed_to_decrypt":"0", "process_pending_decryption":"0", "process_success":"1", "total":"1"}}
{"logTime": "0404/204407", "correlationVector":"x2bpkOZx13vQi4spE12Ec2.6","action":"ProcessGetUpdates", "result":"Done", "context":{"dataType":"Edge Hub App Usage", "deleted":"5", "process_failed_to_decrypt":"0", "process_pending_decryption":"0", "process_success":"5", "total":"5"}}
{"logTime": "0404/204407", "correlationVector":"x2bpkOZx13vQi4spE12Ec2.7","action":"GetUpdates Response", "result":"Success", "context":Received 250 update(s). cV=x2bpkOZx13vQi4spE12Ec2.0;server=akswtt113000018;cloudType=Consumer;environment=Prod_francecentral_prod-s01-062-eur-francecentral;migrationStage=NotStarted Some updates remain.}
{"logTime": "0404/204407", "correlationVector":"nJ183+M8it8pU4ZMR9WdCG","action":"Initial GetUpdates", "result":"", "context":Reason: NEWLY_SUPPORTED_DATATYPE. cV=nJ183+M8it8pU4ZMR9WdCG}
{"logTime": "0404/204407", "correlationVector":"nJ183+M8it8pU4ZMR9WdCG.1","action":"SyncServerConnectionManagerRequest", "result":"SYNC_SERVER_OK", "context":{"environment":"Prod_francecentral_prod-s01-062-eur-francecentral", "migrationStage":"NotStarted", "server":"akswtt11300000l"}}
{"logTime": "0404/204407", "correlationVector":"nJ183+M8it8pU4ZMR9WdCG.2","action":"ProcessGetUpdates", "result":"Done", "context":{"dataType":"Autofill Profiles", "deleted":"0", "process_failed_to_decrypt":"0", "process_pending_decryption":"0", "process_success":"3", "total":"3"}}
{"logTime": "0404/204407", "correlationVector":"nJ183+M8it8pU4ZMR9WdCG.3","action":"ProcessGetUpdates", "result":"Done", "context":{"dataType":"Autofill", "deleted":"0", "process_failed_to_decrypt":"0", "process_pending_decryption":"0", "process_success":"30", "total":"30"}}
{"logTime": "0404/204407", "correlationVector":"nJ183+M8it8pU4ZMR9WdCG.4","action":"ProcessGetUpdates", "result":"Done", "context":{"dataType":"Sessions", "deleted":"204", "process_failed_to_decrypt":"0", "process_pending_decryption":"0", "process_success":"204", "total":"204"}}
{"logTime": "0404/204407", "correlationVector":"nJ183+M8it8pU4ZMR9WdCG.5","action":"ProcessGetUpdates", "result":"Done", "context":{"dataType":"Saved Tab Group", "deleted":"13", "process_failed_to_decrypt":"0", "process_pending_decryption":"0", "process_success":"13", "total":"13"}}
{"logTime": "0404/204407", "correlationVector":"nJ183+M8it8pU4ZMR9WdCG.6","action":"GetUpdates Response", "result":"Success", "context":Received 250 update(s). cV=nJ183+M8it8pU4ZMR9WdCG.0;server=akswtt11300000l;cloudType=Consumer;environment=Prod_francecentral_prod-s01-062-eur-francecentral;migrationStage=NotStarted Some updates remain.}
{"logTime": "0404/204407", "correlationVector":"1lqJzisd7LW1ytj5jMlxfA","action":"Initial GetUpdates", "result":"", "context":Reason: NEWLY_SUPPORTED_DATATYPE. cV=1lqJzisd7LW1ytj5jMlxfA}
{"logTime": "0404/204408", "correlationVector":"1lqJzisd7LW1ytj5jMlxfA.1","action":"SyncServerConnectionManagerRequest", "result":"SYNC_SERVER_OK", "context":{"environment":"Prod_francecentral_prod-s01-062-eur-francecentral", "migrationStage":"NotStarted", "server":"akswtt11300000o"}}
{"logTime": "0404/204408", "correlationVector":"1lqJzisd7LW1ytj5jMlxfA.2","action":"ProcessGetUpdates", "result":"Done", "context":{"dataType":"Autofill Profiles", "deleted":"1", "process_failed_to_decrypt":"0", "process_pending_decryption":"0", "process_success":"1", "total":"1"}}
{"logTime": "0404/204408", "correlationVector":"1lqJzisd7LW1ytj5jMlxfA.3","action":"ProcessGetUpdates", "result":"Done", "context":{"dataType":"Autofill", "deleted":"0", "process_failed_to_decrypt":"0", "process_pending_decryption":"0", "process_success":"15", "total":"15"}}
{"logTime": "0404/204408", "correlationVector":"1lqJzisd7LW1ytj5jMlxfA.4","action":"ProcessGetUpdates", "result":"Done", "context":{"dataType":"Extensions", "deleted":"0", "process_failed_to_decrypt":"0", "process_pending_decryption":"0", "process_success":"1", "total":"1"}}
{"logTime": "0404/204408", "correlationVector":"1lqJzisd7LW1ytj5jMlxfA.5","action":"ProcessGetUpdates", "result":"Done", "context":{"dataType":"Sessions", "deleted":"68", "process_failed_to_decrypt":"0", "process_pending_decryption":"0", "process_success":"77", "total":"77"}}
{"logTime": "0404/204408", "correlationVector":"1lqJzisd7LW1ytj5jMlxfA.6","action":"ProcessGetUpdates", "result":"Done", "context":{"dataType":"Edge Hub App Usage", "deleted":"1", "process_failed_to_decrypt":"0", "process_pending_decryption":"0", "process_success":"2", "total":"2"}}
{"logTime": "0404/204408", "correlationVector":"1lqJzisd7LW1ytj5jMlxfA.7","action":"GetUpdates Response", "result":"Success", "context":Received 96 update(s). cV=1lqJzisd7LW1ytj5jMlxfA.0;server=akswtt11300000o;cloudType=Consumer;environment=Prod_francecentral_prod-s01-062-eur-francecentral;migrationStage=NotStarted}
{"logTime": "0404/204408", "correlationVector":"NedB7k3RlYm00P1YLaWErb","action":"Initial GetUpdates", "result":"", "context":Reason: NEWLY_SUPPORTED_DATATYPE. cV=NedB7k3RlYm00P1YLaWErb}
{"logTime": "0404/204408", "correlationVector":"NedB7k3RlYm00P1YLaWErb.1","action":"SyncServerConnectionManagerRequest", "result":"SYNC_SERVER_OK", "context":{"environment":"Prod_francecentral_prod-s01-062-eur-francecentral", "migrationStage":"NotStarted", "server":"akswtt11300000j"}}
{"logTime": "0404/204408", "correlationVector":"NedB7k3RlYm00P1YLaWErb.2","action":"ProcessGetUpdates", "result":"Done", "context":{"dataType":"History", "deleted":"71", "process_failed_to_decrypt":"0", "process_pending_decryption":"0", "process_success":"250", "total":"250"}}
{"logTime": "0404/204408", "correlationVector":"NedB7k3RlYm00P1YLaWErb.3","action":"GetUpdates Response", "result":"Success", "context":Received 250 update(s). cV=NedB7k3RlYm00P1YLaWErb.0;server=akswtt11300000j;cloudType=Consumer;environment=Prod_francecentral_prod-s01-062-eur-francecentral;migrationStage=NotStarted Some updates remain.}
{"logTime": "0404/204408", "correlationVector":"gHFi4dC4y+G032OeHM5ntI","action":"Initial GetUpdates", "result":"", "context":Reason: NEWLY_SUPPORTED_DATATYPE. cV=gHFi4dC4y+G032OeHM5ntI}
{"logTime": "0404/204409", "correlationVector":"gHFi4dC4y+G032OeHM5ntI.1","action":"SyncServerConnectionManagerRequest", "result":"SYNC_SERVER_OK", "context":{"environment":"Prod_francecentral_prod-s01-062-eur-francecentral", "migrationStage":"NotStarted", "server":"akswtt11300000y"}}
{"logTime": "0404/204409", "correlationVector":"gHFi4dC4y+G032OeHM5ntI.2","action":"ProcessGetUpdates", "result":"Done", "context":{"dataType":"History", "deleted":"59", "process_failed_to_decrypt":"0", "process_pending_decryption":"0", "process_success":"250", "total":"250"}}
{"logTime": "0404/204409", "correlationVector":"gHFi4dC4y+G032OeHM5ntI.3","action":"GetUpdates Response", "result":"Success", "context":Received 250 update(s). cV=gHFi4dC4y+G032OeHM5ntI.0;server=akswtt11300000y;cloudType=Consumer;environment=Prod_francecentral_prod-s01-062-eur-francecentral;migrationStage=NotStarted Some updates remain.}
{"logTime": "0404/204409", "correlationVector":"AfQgAFRyAflm/WvqaEfRTo","action":"Initial GetUpdates", "result":"", "context":Reason: NEWLY_SUPPORTED_DATATYPE. cV=AfQgAFRyAflm/WvqaEfRTo}
{"logTime": "0404/204410", "correlationVector":"AfQgAFRyAflm/WvqaEfRTo.1","action":"SyncServerConnectionManagerRequest", "result":"SYNC_SERVER_OK", "context":{"environment":"Prod_francecentral_prod-s01-062-eur-francecentral", "migrationStage":"NotStarted", "server":"akswtt11300000j"}}
{"logTime": "0404/204410", "correlationVector":"AfQgAFRyAflm/WvqaEfRTo.2","action":"ProcessGetUpdates", "result":"Done", "context":{"dataType":"History", "deleted":"0", "process_failed_to_decrypt":"0", "process_pending_decryption":"0", "process_success":"250", "total":"250"}}
{"logTime": "0404/204410", "correlationVector":"AfQgAFRyAflm/WvqaEfRTo.3","action":"GetUpdates Response", "result":"Success", "context":Received 250 update(s). cV=AfQgAFRyAflm/WvqaEfRTo.0;server=akswtt11300000j;cloudType=Consumer;environment=Prod_francecentral_prod-s01-062-eur-francecentral;migrationStage=NotStarted Some updates remain.}
{"logTime": "0404/204410", "correlationVector":"h85dxD8QnDgh7H7BkBnJmC","action":"Initial GetUpdates", "result":"", "context":Reason: NEWLY_SUPPORTED_DATATYPE. cV=h85dxD8QnDgh7H7BkBnJmC}
{"logTime": "0404/204410", "correlationVector":"h85dxD8QnDgh7H7BkBnJmC.1","action":"SyncServerConnectionManagerRequest", "result":"SYNC_SERVER_OK", "context":{"environment":"Prod_francecentral_prod-s01-062-eur-francecentral", "migrationStage":"NotStarted", "server":"akswtt11300000y"}}
{"logTime": "0404/204410", "correlationVector":"h85dxD8QnDgh7H7BkBnJmC.2","action":"ProcessGetUpdates", "result":"Done", "context":{"dataType":"History", "deleted":"0", "process_failed_to_decrypt":"0", "process_pending_decryption":"0", "process_success":"250", "total":"250"}}
{"logTime": "0404/204410", "correlationVector":"h85dxD8QnDgh7H7BkBnJmC.3","action":"GetUpdates Response", "result":"Success", "context":Received 250 update(s). cV=h85dxD8QnDgh7H7BkBnJmC.0;server=akswtt11300000y;cloudType=Consumer;environment=Prod_francecentral_prod-s01-062-eur-francecentral;migrationStage=NotStarted Some updates remain.}
{"logTime": "0404/204410", "correlationVector":"e589wmg74XGrnejPop8zdb","action":"Initial GetUpdates", "result":"", "context":Reason: NEWLY_SUPPORTED_DATATYPE. cV=e589wmg74XGrnejPop8zdb}
{"logTime": "0404/204411", "correlationVector":"e589wmg74XGrnejPop8zdb.1","action":"SyncServerConnectionManagerRequest", "result":"SYNC_SERVER_OK", "context":{"environment":"Prod_francecentral_prod-s01-062-eur-francecentral", "migrationStage":"NotStarted", "server":"akswtt113000011"}}
{"logTime": "0404/204411", "correlationVector":"e589wmg74XGrnejPop8zdb.2","action":"ProcessGetUpdates", "result":"Done", "context":{"dataType":"History", "deleted":"0", "process_failed_to_decrypt":"0", "process_pending_decryption":"0", "process_success":"250", "total":"250"}}
{"logTime": "0404/204411", "correlationVector":"e589wmg74XGrnejPop8zdb.3","action":"GetUpdates Response", "result":"Success", "context":Received 250 update(s). cV=e589wmg74XGrnejPop8zdb.0;server=akswtt113000011;cloudType=Consumer;environment=Prod_francecentral_prod-s01-062-eur-francecentral;migrationStage=NotStarted Some updates remain.}
{"logTime": "0404/204411", "correlationVector":"66kdb5qQeosFaK594WGx3B","action":"Initial GetUpdates", "result":"", "context":Reason: NEWLY_SUPPORTED_DATATYPE. cV=66kdb5qQeosFaK594WGx3B}
